This file contains any messages produced by compilers while
running configure, to aid debugging if configure makes a mistake.

It was created by wolfssl configure 3.14.0, which was
generated by GNU Autoconf 2.69.  Invocation command line was

  $ ./configure --enable-opensslextra

## --------- ##
## Platform. ##
## --------- ##

hostname = ben-spectre
uname -m = x86_64
uname -r = 4.13.0-36-generic
uname -s = Linux
uname -v = #40~16.04.1-Ubuntu SMP Fri Feb 16 23:25:58 UTC 2018

/usr/bin/uname -p = unknown
/bin/uname -X     = unknown

/bin/arch              = unknown
/usr/bin/arch -k       = unknown
/usr/convex/getsysinfo = unknown
/usr/bin/hostinfo      = unknown
/bin/machine           = unknown
/usr/bin/oslevel       = unknown
/bin/universe          = unknown

PATH: /home/ben/bin
PATH: /home/ben/.local/bin
PATH: /usr/local/sbin
PATH: /usr/local/bin
PATH: /usr/sbin
PATH: /usr/bin
PATH: /sbin
PATH: /bin
PATH: /usr/games
PATH: /usr/local/games
PATH: /snap/bin


## ----------- ##
## Core tests. ##
## ----------- ##

configure:3279: checking build system type
configure:3293: result: x86_64-pc-linux-gnu
configure:3313: checking host system type
configure:3326: result: x86_64-pc-linux-gnu
configure:3364: checking for a BSD-compatible install
configure:3432: result: /usr/bin/install -c
configure:3443: checking whether build environment is sane
configure:3498: result: yes
configure:3649: checking for a thread-safe mkdir -p
configure:3688: result: /bin/mkdir -p
configure:3695: checking for gawk
configure:3725: result: no
configure:3695: checking for mawk
configure:3711: found /usr/bin/mawk
configure:3722: result: mawk
configure:3733: checking whether make sets $(MAKE)
configure:3755: result: yes
configure:3784: checking whether make supports nested variables
configure:3801: result: yes
configure:3881: checking whether UID '1000' is supported by ustar format
configure:3884: result: yes
configure:3891: checking whether GID '1000' is supported by ustar format
configure:3894: result: yes
configure:3902: checking how to create a ustar tar archive
configure:3913: tar --version
tar (GNU tar) 1.28
Copyright (C) 2014 Free Software Foundation, Inc.
License GPLv3+: GNU GPL version 3 or later <http://gnu.org/licenses/gpl.html>.
This is free software: you are free to change and redistribute it.
There is NO WARRANTY, to the extent permitted by law.

Written by John Gilmore and Jay Fenlason.
configure:3916: $? = 0
configure:3956: tardir=conftest.dir && eval tar --format=ustar -chf - "$tardir" >conftest.tar
configure:3959: $? = 0
configure:3963: tar -xf - <conftest.tar
configure:3966: $? = 0
configure:3968: cat conftest.dir/file
GrepMe
configure:3971: $? = 0
configure:3984: result: gnutar
configure:4111: checking how to print strings
configure:4138: result: printf
configure:4171: checking for style of include used by make
configure:4199: result: GNU
configure:4270: checking for gcc
configure:4286: found /usr/bin/gcc
configure:4297: result: gcc
configure:4526: checking for C compiler version
configure:4535: gcc --version >&5
gcc (Ubuntu 5.4.0-6ubuntu1~16.04.9) 5.4.0 20160609
Copyright (C) 2015 Free Software Foundation, Inc.
This is free software; see the source for copying conditions.  There is NO
warranty; not even for MERCHANTABILITY or FITNESS FOR A PARTICULAR PURPOSE.

configure:4546: $? = 0
configure:4535: gcc -v >&5
Using built-in specs.
COLLECT_GCC=gcc
COLLECT_LTO_WRAPPER=/usr/lib/gcc/x86_64-linux-gnu/5/lto-wrapper
Target: x86_64-linux-gnu
Configured with: ../src/configure -v --with-pkgversion='Ubuntu 5.4.0-6ubuntu1~16.04.9' --with-bugurl=file:///usr/share/doc/gcc-5/README.Bugs --enable-languages=c,ada,c++,java,go,d,fortran,objc,obj-c++ --prefix=/usr --program-suffix=-5 --enable-shared --enable-linker-build-id --libexecdir=/usr/lib --without-included-gettext --enable-threads=posix --libdir=/usr/lib --enable-nls --with-sysroot=/ --enable-clocale=gnu --enable-libstdcxx-debug --enable-libstdcxx-time=yes --with-default-libstdcxx-abi=new --enable-gnu-unique-object --disable-vtable-verify --enable-libmpx --enable-plugin --with-system-zlib --disable-browser-plugin --enable-java-awt=gtk --enable-gtk-cairo --with-java-home=/usr/lib/jvm/java-1.5.0-gcj-5-amd64/jre --enable-java-home --with-jvm-root-dir=/usr/lib/jvm/java-1.5.0-gcj-5-amd64 --with-jvm-jar-dir=/usr/lib/jvm-exports/java-1.5.0-gcj-5-amd64 --with-arch-directory=amd64 --with-ecj-jar=/usr/share/java/eclipse-ecj.jar --enable-objc-gc --enable-multiarch --disable-werror --with-arch-32=i686 --with-abi=m64 --with-multilib-list=m32,m64,mx32 --enable-multilib --with-tune=generic --enable-checking=release --build=x86_64-linux-gnu --host=x86_64-linux-gnu --target=x86_64-linux-gnu
Thread model: posix
gcc version 5.4.0 20160609 (Ubuntu 5.4.0-6ubuntu1~16.04.9) 
configure:4546: $? = 0
configure:4535: gcc -V >&5
gcc: error: unrecognized command line option '-V'
gcc: fatal error: no input files
compilation terminated.
configure:4546: $? = 1
configure:4535: gcc -qversion >&5
gcc: error: unrecognized command line option '-qversion'
gcc: fatal error: no input files
compilation terminated.
configure:4546: $? = 1
configure:4566: checking whether the C compiler works
configure:4588: gcc    conftest.c  >&5
configure:4592: $? = 0
configure:4640: result: yes
configure:4643: checking for C compiler default output file name
configure:4645: result: a.out
configure:4651: checking for suffix of executables
configure:4658: gcc -o conftest    conftest.c  >&5
configure:4662: $? = 0
configure:4684: result: 
configure:4706: checking whether we are cross compiling
configure:4714: gcc -o conftest    conftest.c  >&5
configure:4718: $? = 0
configure:4725: ./conftest
configure:4729: $? = 0
configure:4744: result: no
configure:4749: checking for suffix of object files
configure:4771: gcc -c   conftest.c >&5
configure:4775: $? = 0
configure:4796: result: o
configure:4800: checking whether we are using the GNU C compiler
configure:4819: gcc -c   conftest.c >&5
configure:4819: $? = 0
configure:4828: result: yes
configure:4837: checking whether gcc accepts -g
configure:4857: gcc -c -g  conftest.c >&5
configure:4857: $? = 0
configure:4898: result: yes
configure:4915: checking for gcc option to accept ISO C89
configure:4978: gcc  -c   conftest.c >&5
configure:4978: $? = 0
configure:4991: result: none needed
configure:5016: checking whether gcc understands -c and -o together
configure:5038: gcc -c conftest.c -o conftest2.o
configure:5041: $? = 0
configure:5038: gcc -c conftest.c -o conftest2.o
configure:5041: $? = 0
configure:5053: result: yes
configure:5072: checking dependency style of gcc
configure:5183: result: gcc3
configure:5198: checking for a sed that does not truncate output
configure:5262: result: /bin/sed
configure:5280: checking for grep that handles long lines and -e
configure:5338: result: /bin/grep
configure:5343: checking for egrep
configure:5405: result: /bin/grep -E
configure:5410: checking for fgrep
configure:5472: result: /bin/grep -F
configure:5507: checking for ld used by gcc
configure:5574: result: /usr/bin/ld
configure:5581: checking if the linker (/usr/bin/ld) is GNU ld
configure:5596: result: yes
configure:5608: checking for BSD- or MS-compatible name lister (nm)
configure:5662: result: /usr/bin/nm -B
configure:5792: checking the name lister (/usr/bin/nm -B) interface
configure:5799: gcc -c   conftest.c >&5
configure:5802: /usr/bin/nm -B "conftest.o"
configure:5805: output
0000000000000000 B some_variable
configure:5812: result: BSD nm
configure:5815: checking whether ln -s works
configure:5819: result: yes
configure:5827: checking the maximum length of command line arguments
configure:5958: result: 1572864
configure:6006: checking how to convert x86_64-pc-linux-gnu file names to x86_64-pc-linux-gnu format
configure:6046: result: func_convert_file_noop
configure:6053: checking how to convert x86_64-pc-linux-gnu file names to toolchain format
configure:6073: result: func_convert_file_noop
configure:6080: checking for /usr/bin/ld option to reload object files
configure:6087: result: -r
configure:6161: checking for objdump
configure:6177: found /usr/bin/objdump
configure:6188: result: objdump
configure:6220: checking how to recognize dependent libraries
configure:6420: result: pass_all
configure:6505: checking for dlltool
configure:6535: result: no
configure:6565: checking how to associate runtime and link libraries
configure:6592: result: printf %s\n
configure:6653: checking for ar
configure:6669: found /usr/bin/ar
configure:6680: result: ar
configure:6717: checking for archiver @FILE support
configure:6734: gcc -c   conftest.c >&5
configure:6734: $? = 0
configure:6737: ar cru libconftest.a @conftest.lst >&5
ar: `u' modifier ignored since `D' is the default (see `U')
configure:6740: $? = 0
configure:6745: ar cru libconftest.a @conftest.lst >&5
ar: `u' modifier ignored since `D' is the default (see `U')
ar: conftest.o: No such file or directory
configure:6748: $? = 1
configure:6760: result: @
configure:6818: checking for strip
configure:6834: found /usr/bin/strip
configure:6845: result: strip
configure:6917: checking for ranlib
configure:6933: found /usr/bin/ranlib
configure:6944: result: ranlib
configure:7046: checking command to parse /usr/bin/nm -B output from gcc object
configure:7199: gcc -c   conftest.c >&5
configure:7202: $? = 0
configure:7206: /usr/bin/nm -B conftest.o \| sed -n -e 's/^.*[ ]\([ABCDGIRSTW][ABCDGIRSTW]*\)[ ][ ]*\([_A-Za-z][_A-Za-z0-9]*\)$/\1 \2 \2/p' | sed '/ __gnu_lto/d' \> conftest.nm
configure:7209: $? = 0
configure:7275: gcc -o conftest    conftest.c conftstm.o >&5
configure:7278: $? = 0
configure:7316: result: ok
configure:7363: checking for sysroot
configure:7393: result: no
configure:7400: checking for a working dd
configure:7438: result: /bin/dd
configure:7442: checking how to truncate binary pipes
configure:7457: result: /bin/dd bs=4096 count=1
configure:7593: gcc -c   conftest.c >&5
configure:7596: $? = 0
configure:7786: checking for mt
configure:7802: found /bin/mt
configure:7813: result: mt
configure:7836: checking if mt is a manifest tool
configure:7842: mt '-?'
configure:7850: result: no
configure:8527: checking how to run the C preprocessor
configure:8558: gcc -E  conftest.c
configure:8558: $? = 0
configure:8572: gcc -E  conftest.c
conftest.c:9:28: fatal error: ac_nonexistent.h: No such file or directory
compilation terminated.
configure:8572: $? = 1
configure: failed program was:
| /* confdefs.h */
| #define PACKAGE_NAME "wolfssl"
| #define PACKAGE_TARNAME "wolfssl"
| #define PACKAGE_VERSION "3.14.0"
| #define PACKAGE_STRING "wolfssl 3.14.0"
| #define PACKAGE_BUGREPORT "https://github.com/wolfssl/wolfssl/issues"
| #define PACKAGE_URL "http://www.wolfssl.com"
| /* end confdefs.h.  */
| #include <ac_nonexistent.h>
configure:8597: result: gcc -E
configure:8617: gcc -E  conftest.c
configure:8617: $? = 0
configure:8631: gcc -E  conftest.c
conftest.c:9:28: fatal error: ac_nonexistent.h: No such file or directory
compilation terminated.
configure:8631: $? = 1
configure: failed program was:
| /* confdefs.h */
| #define PACKAGE_NAME "wolfssl"
| #define PACKAGE_TARNAME "wolfssl"
| #define PACKAGE_VERSION "3.14.0"
| #define PACKAGE_STRING "wolfssl 3.14.0"
| #define PACKAGE_BUGREPORT "https://github.com/wolfssl/wolfssl/issues"
| #define PACKAGE_URL "http://www.wolfssl.com"
| /* end confdefs.h.  */
| #include <ac_nonexistent.h>
configure:8660: checking for ANSI C header files
configure:8680: gcc -c   conftest.c >&5
configure:8680: $? = 0
configure:8753: gcc -o conftest    conftest.c  >&5
configure:8753: $? = 0
configure:8753: ./conftest
configure:8753: $? = 0
configure:8764: result: yes
configure:8777: checking for sys/types.h
configure:8777: gcc -c   conftest.c >&5
configure:8777: $? = 0
configure:8777: result: yes
configure:8777: checking for sys/stat.h
configure:8777: gcc -c   conftest.c >&5
configure:8777: $? = 0
configure:8777: result: yes
configure:8777: checking for stdlib.h
configure:8777: gcc -c   conftest.c >&5
configure:8777: $? = 0
configure:8777: result: yes
configure:8777: checking for string.h
configure:8777: gcc -c   conftest.c >&5
configure:8777: $? = 0
configure:8777: result: yes
configure:8777: checking for memory.h
configure:8777: gcc -c   conftest.c >&5
configure:8777: $? = 0
configure:8777: result: yes
configure:8777: checking for strings.h
configure:8777: gcc -c   conftest.c >&5
configure:8777: $? = 0
configure:8777: result: yes
configure:8777: checking for inttypes.h
configure:8777: gcc -c   conftest.c >&5
configure:8777: $? = 0
configure:8777: result: yes
configure:8777: checking for stdint.h
configure:8777: gcc -c   conftest.c >&5
configure:8777: $? = 0
configure:8777: result: yes
configure:8777: checking for unistd.h
configure:8777: gcc -c   conftest.c >&5
configure:8777: $? = 0
configure:8777: result: yes
configure:8791: checking for dlfcn.h
configure:8791: gcc -c   conftest.c >&5
configure:8791: $? = 0
configure:8791: result: yes
configure:9046: checking for objdir
configure:9061: result: .libs
configure:9325: checking if gcc supports -fno-rtti -fno-exceptions
configure:9343: gcc -c   -fno-rtti -fno-exceptions conftest.c >&5
cc1: warning: command line option '-fno-rtti' is valid for C++/ObjC++ but not for C
configure:9347: $? = 0
configure:9360: result: no
configure:9718: checking for gcc option to produce PIC
configure:9725: result: -fPIC -DPIC
configure:9733: checking if gcc PIC flag -fPIC -DPIC works
configure:9751: gcc -c   -fPIC -DPIC -DPIC conftest.c >&5
configure:9755: $? = 0
configure:9768: result: yes
configure:9797: checking if gcc static flag -static works
configure:9825: result: yes
configure:9840: checking if gcc supports -c -o file.o
configure:9861: gcc -c   -o out/conftest2.o conftest.c >&5
configure:9865: $? = 0
configure:9887: result: yes
configure:9895: checking if gcc supports -c -o file.o
configure:9942: result: yes
configure:9975: checking whether the gcc linker (/usr/bin/ld -m elf_x86_64) supports shared libraries
configure:11238: result: yes
configure:11275: checking whether -lc should be explicitly linked in
configure:11283: gcc -c   conftest.c >&5
configure:11286: $? = 0
configure:11301: gcc -shared  -fPIC -DPIC conftest.o  -v -Wl,-soname -Wl,conftest -o conftest 2\>\&1 \| /bin/grep  -lc  \>/dev/null 2\>\&1
configure:11304: $? = 0
configure:11318: result: no
configure:11478: checking dynamic linker characteristics
configure:12059: gcc -o conftest    -Wl,-rpath -Wl,/foo conftest.c  >&5
configure:12059: $? = 0
configure:12308: result: GNU/Linux ld.so
configure:12430: checking how to hardcode library paths into programs
configure:12455: result: immediate
configure:13003: checking whether stripping libraries is possible
configure:13008: result: yes
configure:13043: checking if libtool supports shared libraries
configure:13045: result: yes
configure:13048: checking whether to build shared libraries
configure:13073: result: yes
configure:13076: checking whether to build static libraries
configure:13080: result: no
configure:13175: checking for g++
configure:13191: found /usr/bin/g++
configure:13202: result: g++
configure:13229: checking for C++ compiler version
configure:13238: g++ --version >&5
g++ (Ubuntu 5.4.0-6ubuntu1~16.04.9) 5.4.0 20160609
Copyright (C) 2015 Free Software Foundation, Inc.
This is free software; see the source for copying conditions.  There is NO
warranty; not even for MERCHANTABILITY or FITNESS FOR A PARTICULAR PURPOSE.

configure:13249: $? = 0
configure:13238: g++ -v >&5
Using built-in specs.
COLLECT_GCC=g++
COLLECT_LTO_WRAPPER=/usr/lib/gcc/x86_64-linux-gnu/5/lto-wrapper
Target: x86_64-linux-gnu
Configured with: ../src/configure -v --with-pkgversion='Ubuntu 5.4.0-6ubuntu1~16.04.9' --with-bugurl=file:///usr/share/doc/gcc-5/README.Bugs --enable-languages=c,ada,c++,java,go,d,fortran,objc,obj-c++ --prefix=/usr --program-suffix=-5 --enable-shared --enable-linker-build-id --libexecdir=/usr/lib --without-included-gettext --enable-threads=posix --libdir=/usr/lib --enable-nls --with-sysroot=/ --enable-clocale=gnu --enable-libstdcxx-debug --enable-libstdcxx-time=yes --with-default-libstdcxx-abi=new --enable-gnu-unique-object --disable-vtable-verify --enable-libmpx --enable-plugin --with-system-zlib --disable-browser-plugin --enable-java-awt=gtk --enable-gtk-cairo --with-java-home=/usr/lib/jvm/java-1.5.0-gcj-5-amd64/jre --enable-java-home --with-jvm-root-dir=/usr/lib/jvm/java-1.5.0-gcj-5-amd64 --with-jvm-jar-dir=/usr/lib/jvm-exports/java-1.5.0-gcj-5-amd64 --with-arch-directory=amd64 --with-ecj-jar=/usr/share/java/eclipse-ecj.jar --enable-objc-gc --enable-multiarch --disable-werror --with-arch-32=i686 --with-abi=m64 --with-multilib-list=m32,m64,mx32 --enable-multilib --with-tune=generic --enable-checking=release --build=x86_64-linux-gnu --host=x86_64-linux-gnu --target=x86_64-linux-gnu
Thread model: posix
gcc version 5.4.0 20160609 (Ubuntu 5.4.0-6ubuntu1~16.04.9) 
configure:13249: $? = 0
configure:13238: g++ -V >&5
g++: error: unrecognized command line option '-V'
g++: fatal error: no input files
compilation terminated.
configure:13249: $? = 1
configure:13238: g++ -qversion >&5
g++: error: unrecognized command line option '-qversion'
g++: fatal error: no input files
compilation terminated.
configure:13249: $? = 1
configure:13253: checking whether we are using the GNU C++ compiler
configure:13272: g++ -c   conftest.cpp >&5
configure:13272: $? = 0
configure:13281: result: yes
configure:13290: checking whether g++ accepts -g
configure:13310: g++ -c -g  conftest.cpp >&5
configure:13310: $? = 0
configure:13351: result: yes
configure:13376: checking dependency style of g++
configure:13487: result: gcc3
configure:13521: checking how to run the C++ preprocessor
configure:13548: g++ -E  conftest.cpp
configure:13548: $? = 0
configure:13562: g++ -E  conftest.cpp
conftest.cpp:21:28: fatal error: ac_nonexistent.h: No such file or directory
compilation terminated.
configure:13562: $? = 1
configure: failed program was:
| /* confdefs.h */
| #define PACKAGE_NAME "wolfssl"
| #define PACKAGE_TARNAME "wolfssl"
| #define PACKAGE_VERSION "3.14.0"
| #define PACKAGE_STRING "wolfssl 3.14.0"
| #define PACKAGE_BUGREPORT "https://github.com/wolfssl/wolfssl/issues"
| #define PACKAGE_URL "http://www.wolfssl.com"
| #define STDC_HEADERS 1
| #define HAVE_SYS_TYPES_H 1
| #define HAVE_SYS_STAT_H 1
| #define HAVE_STDLIB_H 1
| #define HAVE_STRING_H 1
| #define HAVE_MEMORY_H 1
| #define HAVE_STRINGS_H 1
| #define HAVE_INTTYPES_H 1
| #define HAVE_STDINT_H 1
| #define HAVE_UNISTD_H 1
| #define HAVE_DLFCN_H 1
| #define LT_OBJDIR ".libs/"
| /* end confdefs.h.  */
| #include <ac_nonexistent.h>
configure:13587: result: g++ -E
configure:13607: g++ -E  conftest.cpp
configure:13607: $? = 0
configure:13621: g++ -E  conftest.cpp
conftest.cpp:21:28: fatal error: ac_nonexistent.h: No such file or directory
compilation terminated.
configure:13621: $? = 1
configure: failed program was:
| /* confdefs.h */
| #define PACKAGE_NAME "wolfssl"
| #define PACKAGE_TARNAME "wolfssl"
| #define PACKAGE_VERSION "3.14.0"
| #define PACKAGE_STRING "wolfssl 3.14.0"
| #define PACKAGE_BUGREPORT "https://github.com/wolfssl/wolfssl/issues"
| #define PACKAGE_URL "http://www.wolfssl.com"
| #define STDC_HEADERS 1
| #define HAVE_SYS_TYPES_H 1
| #define HAVE_SYS_STAT_H 1
| #define HAVE_STDLIB_H 1
| #define HAVE_STRING_H 1
| #define HAVE_MEMORY_H 1
| #define HAVE_STRINGS_H 1
| #define HAVE_INTTYPES_H 1
| #define HAVE_STDINT_H 1
| #define HAVE_UNISTD_H 1
| #define HAVE_DLFCN_H 1
| #define LT_OBJDIR ".libs/"
| /* end confdefs.h.  */
| #include <ac_nonexistent.h>
configure:13783: checking for ld used by g++
configure:13850: result: /usr/bin/ld -m elf_x86_64
configure:13857: checking if the linker (/usr/bin/ld -m elf_x86_64) is GNU ld
configure:13872: result: yes
configure:13927: checking whether the g++ linker (/usr/bin/ld -m elf_x86_64) supports shared libraries
configure:15000: result: yes
configure:15036: g++ -c -g -O2  conftest.cpp >&5
configure:15039: $? = 0
configure:15520: checking for g++ option to produce PIC
configure:15527: result: -fPIC -DPIC
configure:15535: checking if g++ PIC flag -fPIC -DPIC works
configure:15553: g++ -c -g -O2  -fPIC -DPIC -DPIC conftest.cpp >&5
configure:15557: $? = 0
configure:15570: result: yes
configure:15593: checking if g++ static flag -static works
configure:15621: result: yes
configure:15633: checking if g++ supports -c -o file.o
configure:15654: g++ -c -g -O2  -o out/conftest2.o conftest.cpp >&5
configure:15658: $? = 0
configure:15680: result: yes
configure:15685: checking if g++ supports -c -o file.o
configure:15732: result: yes
configure:15762: checking whether the g++ linker (/usr/bin/ld -m elf_x86_64) supports shared libraries
configure:15805: result: yes
configure:15946: checking dynamic linker characteristics
configure:16703: result: GNU/Linux ld.so
configure:16768: checking how to hardcode library paths into programs
configure:16793: result: immediate
configure:16840: checking whether the -Werror option is usable
configure:16859: gcc -c  -Werror  conftest.c >&5
configure:16859: $? = 0
configure:16868: result: yes
configure:16870: checking for simple visibility declarations
configure:16897: gcc -c  -fvisibility=hidden -Werror  conftest.c >&5
configure:16897: $? = 0
configure:16906: result: yes
configure:16939: checking whether make supports nested variables
configure:16956: result: yes
configure:16976: checking size of long long
configure:16981: gcc -o conftest   -fvisibility=hidden  conftest.c  >&5
configure:16981: $? = 0
configure:16981: ./conftest
configure:16981: $? = 0
configure:16995: result: 8
configure:17009: checking size of long
configure:17014: gcc -o conftest   -fvisibility=hidden  conftest.c  >&5
configure:17014: $? = 0
configure:17014: ./conftest
configure:17014: $? = 0
configure:17028: result: 8
configure:17038: checking for __uint128_t
configure:17038: gcc -c   -fvisibility=hidden conftest.c >&5
configure:17038: $? = 0
configure:17038: gcc -c   -fvisibility=hidden conftest.c >&5
conftest.c: In function 'main':
conftest.c:60:26: error: expected expression before ')' token
 if (sizeof ((__uint128_t)))
                          ^
configure:17038: $? = 1
configure: failed program was:
| /* confdefs.h */
| #define PACKAGE_NAME "wolfssl"
| #define PACKAGE_TARNAME "wolfssl"
| #define PACKAGE_VERSION "3.14.0"
| #define PACKAGE_STRING "wolfssl 3.14.0"
| #define PACKAGE_BUGREPORT "https://github.com/wolfssl/wolfssl/issues"
| #define PACKAGE_URL "http://www.wolfssl.com"
| #define STDC_HEADERS 1
| #define HAVE_SYS_TYPES_H 1
| #define HAVE_SYS_STAT_H 1
| #define HAVE_STDLIB_H 1
| #define HAVE_STRING_H 1
| #define HAVE_MEMORY_H 1
| #define HAVE_STRINGS_H 1
| #define HAVE_INTTYPES_H 1
| #define HAVE_STDINT_H 1
| #define HAVE_UNISTD_H 1
| #define HAVE_DLFCN_H 1
| #define LT_OBJDIR ".libs/"
| #define HAVE_VISIBILITY 1
| #define SIZEOF_LONG_LONG 8
| #define SIZEOF_LONG 8
| /* end confdefs.h.  */
| #include <stdio.h>
| #ifdef HAVE_SYS_TYPES_H
| # include <sys/types.h>
| #endif
| #ifdef HAVE_SYS_STAT_H
| # include <sys/stat.h>
| #endif
| #ifdef STDC_HEADERS
| # include <stdlib.h>
| # include <stddef.h>
| #else
| # ifdef HAVE_STDLIB_H
| #  include <stdlib.h>
| # endif
| #endif
| #ifdef HAVE_STRING_H
| # if !defined STDC_HEADERS && defined HAVE_MEMORY_H
| #  include <memory.h>
| # endif
| # include <string.h>
| #endif
| #ifdef HAVE_STRINGS_H
| # include <strings.h>
| #endif
| #ifdef HAVE_INTTYPES_H
| # include <inttypes.h>
| #endif
| #ifdef HAVE_STDINT_H
| # include <stdint.h>
| #endif
| #ifdef HAVE_UNISTD_H
| # include <unistd.h>
| #endif
| int
| main ()
| {
| if (sizeof ((__uint128_t)))
| 	    return 0;
|   ;
|   return 0;
| }
configure:17038: result: yes
configure:17050: checking for gethostbyname
configure:17050: gcc -o conftest   -fvisibility=hidden  conftest.c  >&5
configure:17050: $? = 0
configure:17050: result: yes
configure:17061: checking for getaddrinfo
configure:17061: gcc -o conftest   -fvisibility=hidden  conftest.c  >&5
configure:17061: $? = 0
configure:17061: result: yes
configure:17072: checking for gettimeofday
configure:17072: gcc -o conftest   -fvisibility=hidden  conftest.c  >&5
configure:17072: $? = 0
configure:17072: result: yes
configure:17083: checking for gmtime_r
configure:17083: gcc -o conftest   -fvisibility=hidden  conftest.c  >&5
configure:17083: $? = 0
configure:17083: result: yes
configure:17094: checking for inet_ntoa
configure:17094: gcc -o conftest   -fvisibility=hidden  conftest.c  >&5
configure:17094: $? = 0
configure:17094: result: yes
configure:17105: checking for memset
configure:17105: gcc -o conftest   -fvisibility=hidden  conftest.c  >&5
conftest.c:53:6: warning: conflicting types for built-in function 'memset'
 char memset ();
      ^
configure:17105: $? = 0
configure:17105: result: yes
configure:17116: checking for socket
configure:17116: gcc -o conftest   -fvisibility=hidden  conftest.c  >&5
configure:17116: $? = 0
configure:17116: result: yes
configure:17127: checking arpa/inet.h usability
configure:17127: gcc -c   -fvisibility=hidden conftest.c >&5
configure:17127: $? = 0
configure:17127: result: yes
configure:17127: checking arpa/inet.h presence
configure:17127: gcc -E  -fvisibility=hidden conftest.c
configure:17127: $? = 0
configure:17127: result: yes
configure:17127: checking for arpa/inet.h
configure:17127: result: yes
configure:17139: checking fcntl.h usability
configure:17139: gcc -c   -fvisibility=hidden conftest.c >&5
configure:17139: $? = 0
configure:17139: result: yes
configure:17139: checking fcntl.h presence
configure:17139: gcc -E  -fvisibility=hidden conftest.c
configure:17139: $? = 0
configure:17139: result: yes
configure:17139: checking for fcntl.h
configure:17139: result: yes
configure:17151: checking limits.h usability
configure:17151: gcc -c   -fvisibility=hidden conftest.c >&5
configure:17151: $? = 0
configure:17151: result: yes
configure:17151: checking limits.h presence
configure:17151: gcc -E  -fvisibility=hidden conftest.c
configure:17151: $? = 0
configure:17151: result: yes
configure:17151: checking for limits.h
configure:17151: result: yes
configure:17163: checking netdb.h usability
configure:17163: gcc -c   -fvisibility=hidden conftest.c >&5
configure:17163: $? = 0
configure:17163: result: yes
configure:17163: checking netdb.h presence
configure:17163: gcc -E  -fvisibility=hidden conftest.c
configure:17163: $? = 0
configure:17163: result: yes
configure:17163: checking for netdb.h
configure:17163: result: yes
configure:17175: checking netinet/in.h usability
configure:17175: gcc -c   -fvisibility=hidden conftest.c >&5
configure:17175: $? = 0
configure:17175: result: yes
configure:17175: checking netinet/in.h presence
configure:17175: gcc -E  -fvisibility=hidden conftest.c
configure:17175: $? = 0
configure:17175: result: yes
configure:17175: checking for netinet/in.h
configure:17175: result: yes
configure:17187: checking stddef.h usability
configure:17187: gcc -c   -fvisibility=hidden conftest.c >&5
configure:17187: $? = 0
configure:17187: result: yes
configure:17187: checking stddef.h presence
configure:17187: gcc -E  -fvisibility=hidden conftest.c
configure:17187: $? = 0
configure:17187: result: yes
configure:17187: checking for stddef.h
configure:17187: result: yes
configure:17199: checking sys/ioctl.h usability
configure:17199: gcc -c   -fvisibility=hidden conftest.c >&5
configure:17199: $? = 0
configure:17199: result: yes
configure:17199: checking sys/ioctl.h presence
configure:17199: gcc -E  -fvisibility=hidden conftest.c
configure:17199: $? = 0
configure:17199: result: yes
configure:17199: checking for sys/ioctl.h
configure:17199: result: yes
configure:17211: checking sys/socket.h usability
configure:17211: gcc -c   -fvisibility=hidden conftest.c >&5
configure:17211: $? = 0
configure:17211: result: yes
configure:17211: checking sys/socket.h presence
configure:17211: gcc -E  -fvisibility=hidden conftest.c
configure:17211: $? = 0
configure:17211: result: yes
configure:17211: checking for sys/socket.h
configure:17211: result: yes
configure:17223: checking sys/time.h usability
configure:17223: gcc -c   -fvisibility=hidden conftest.c >&5
configure:17223: $? = 0
configure:17223: result: yes
configure:17223: checking sys/time.h presence
configure:17223: gcc -E  -fvisibility=hidden conftest.c
configure:17223: $? = 0
configure:17223: result: yes
configure:17223: checking for sys/time.h
configure:17223: result: yes
configure:17235: checking errno.h usability
configure:17235: gcc -c   -fvisibility=hidden conftest.c >&5
configure:17235: $? = 0
configure:17235: result: yes
configure:17235: checking errno.h presence
configure:17235: gcc -E  -fvisibility=hidden conftest.c
configure:17235: $? = 0
configure:17235: result: yes
configure:17235: checking for errno.h
configure:17235: result: yes
configure:17245: checking for socket in -lnetwork
configure:17270: gcc -o conftest   -fvisibility=hidden  conftest.c -lnetwork   >&5
/usr/bin/ld: cannot find -lnetwork
collect2: error: ld returned 1 exit status
configure:17270: $? = 1
configure: failed program was:
| /* confdefs.h */
| #define PACKAGE_NAME "wolfssl"
| #define PACKAGE_TARNAME "wolfssl"
| #define PACKAGE_VERSION "3.14.0"
| #define PACKAGE_STRING "wolfssl 3.14.0"
| #define PACKAGE_BUGREPORT "https://github.com/wolfssl/wolfssl/issues"
| #define PACKAGE_URL "http://www.wolfssl.com"
| #define STDC_HEADERS 1
| #define HAVE_SYS_TYPES_H 1
| #define HAVE_SYS_STAT_H 1
| #define HAVE_STDLIB_H 1
| #define HAVE_STRING_H 1
| #define HAVE_MEMORY_H 1
| #define HAVE_STRINGS_H 1
| #define HAVE_INTTYPES_H 1
| #define HAVE_STDINT_H 1
| #define HAVE_UNISTD_H 1
| #define HAVE_DLFCN_H 1
| #define LT_OBJDIR ".libs/"
| #define HAVE_VISIBILITY 1
| #define SIZEOF_LONG_LONG 8
| #define SIZEOF_LONG 8
| #define HAVE___UINT128_T 1
| #define HAVE_GETHOSTBYNAME 1
| #define HAVE_GETADDRINFO 1
| #define HAVE_GETTIMEOFDAY 1
| #define HAVE_GMTIME_R 1
| #define HAVE_INET_NTOA 1
| #define HAVE_MEMSET 1
| #define HAVE_SOCKET 1
| #define HAVE_ARPA_INET_H 1
| #define HAVE_FCNTL_H 1
| #define HAVE_LIMITS_H 1
| #define HAVE_NETDB_H 1
| #define HAVE_NETINET_IN_H 1
| #define HAVE_STDDEF_H 1
| #define HAVE_SYS_IOCTL_H 1
| #define HAVE_SYS_SOCKET_H 1
| #define HAVE_SYS_TIME_H 1
| #define HAVE_ERRNO_H 1
| /* end confdefs.h.  */
| 
| /* Override any GCC internal prototype to avoid an error.
|    Use char because int might match the return type of a GCC
|    builtin and then its argument prototype would still apply.  */
| #ifdef __cplusplus
| extern "C"
| #endif
| char socket ();
| int
| main ()
| {
| return socket ();
|   ;
|   return 0;
| }
configure:17279: result: no
configure:17290: checking whether byte ordering is bigendian
configure:17305: gcc -c   -fvisibility=hidden conftest.c >&5
conftest.c:43:9: error: unknown type name 'not'
         not a universal capable compiler
         ^
conftest.c:43:15: error: expected '=', ',', ';', 'asm' or '__attribute__' before 'universal'
         not a universal capable compiler
               ^
conftest.c:43:15: error: unknown type name 'universal'
configure:17305: $? = 1
configure: failed program was:
| /* confdefs.h */
| #define PACKAGE_NAME "wolfssl"
| #define PACKAGE_TARNAME "wolfssl"
| #define PACKAGE_VERSION "3.14.0"
| #define PACKAGE_STRING "wolfssl 3.14.0"
| #define PACKAGE_BUGREPORT "https://github.com/wolfssl/wolfssl/issues"
| #define PACKAGE_URL "http://www.wolfssl.com"
| #define STDC_HEADERS 1
| #define HAVE_SYS_TYPES_H 1
| #define HAVE_SYS_STAT_H 1
| #define HAVE_STDLIB_H 1
| #define HAVE_STRING_H 1
| #define HAVE_MEMORY_H 1
| #define HAVE_STRINGS_H 1
| #define HAVE_INTTYPES_H 1
| #define HAVE_STDINT_H 1
| #define HAVE_UNISTD_H 1
| #define HAVE_DLFCN_H 1
| #define LT_OBJDIR ".libs/"
| #define HAVE_VISIBILITY 1
| #define SIZEOF_LONG_LONG 8
| #define SIZEOF_LONG 8
| #define HAVE___UINT128_T 1
| #define HAVE_GETHOSTBYNAME 1
| #define HAVE_GETADDRINFO 1
| #define HAVE_GETTIMEOFDAY 1
| #define HAVE_GMTIME_R 1
| #define HAVE_INET_NTOA 1
| #define HAVE_MEMSET 1
| #define HAVE_SOCKET 1
| #define HAVE_ARPA_INET_H 1
| #define HAVE_FCNTL_H 1
| #define HAVE_LIMITS_H 1
| #define HAVE_NETDB_H 1
| #define HAVE_NETINET_IN_H 1
| #define HAVE_STDDEF_H 1
| #define HAVE_SYS_IOCTL_H 1
| #define HAVE_SYS_SOCKET_H 1
| #define HAVE_SYS_TIME_H 1
| #define HAVE_ERRNO_H 1
| /* end confdefs.h.  */
| #ifndef __APPLE_CC__
| 	       not a universal capable compiler
| 	     #endif
| 	     typedef int dummy;
| 
configure:17350: gcc -c   -fvisibility=hidden conftest.c >&5
configure:17350: $? = 0
configure:17368: gcc -c   -fvisibility=hidden conftest.c >&5
conftest.c: In function 'main':
conftest.c:49:4: error: unknown type name 'not'
    not big endian
    ^
conftest.c:49:12: error: expected '=', ',', ';', 'asm' or '__attribute__' before 'endian'
    not big endian
            ^
configure:17368: $? = 1
configure: failed program was:
| /* confdefs.h */
| #define PACKAGE_NAME "wolfssl"
| #define PACKAGE_TARNAME "wolfssl"
| #define PACKAGE_VERSION "3.14.0"
| #define PACKAGE_STRING "wolfssl 3.14.0"
| #define PACKAGE_BUGREPORT "https://github.com/wolfssl/wolfssl/issues"
| #define PACKAGE_URL "http://www.wolfssl.com"
| #define STDC_HEADERS 1
| #define HAVE_SYS_TYPES_H 1
| #define HAVE_SYS_STAT_H 1
| #define HAVE_STDLIB_H 1
| #define HAVE_STRING_H 1
| #define HAVE_MEMORY_H 1
| #define HAVE_STRINGS_H 1
| #define HAVE_INTTYPES_H 1
| #define HAVE_STDINT_H 1
| #define HAVE_UNISTD_H 1
| #define HAVE_DLFCN_H 1
| #define LT_OBJDIR ".libs/"
| #define HAVE_VISIBILITY 1
| #define SIZEOF_LONG_LONG 8
| #define SIZEOF_LONG 8
| #define HAVE___UINT128_T 1
| #define HAVE_GETHOSTBYNAME 1
| #define HAVE_GETADDRINFO 1
| #define HAVE_GETTIMEOFDAY 1
| #define HAVE_GMTIME_R 1
| #define HAVE_INET_NTOA 1
| #define HAVE_MEMSET 1
| #define HAVE_SOCKET 1
| #define HAVE_ARPA_INET_H 1
| #define HAVE_FCNTL_H 1
| #define HAVE_LIMITS_H 1
| #define HAVE_NETDB_H 1
| #define HAVE_NETINET_IN_H 1
| #define HAVE_STDDEF_H 1
| #define HAVE_SYS_IOCTL_H 1
| #define HAVE_SYS_SOCKET_H 1
| #define HAVE_SYS_TIME_H 1
| #define HAVE_ERRNO_H 1
| /* end confdefs.h.  */
| #include <sys/types.h>
| 		#include <sys/param.h>
| 
| int
| main ()
| {
| #if BYTE_ORDER != BIG_ENDIAN
| 		 not big endian
| 		#endif
| 
|   ;
|   return 0;
| }
configure:17496: result: no
configure:17566: checking for gcc
configure:17593: result: gcc
configure:17822: checking for C compiler version
configure:17831: gcc --version >&5
gcc (Ubuntu 5.4.0-6ubuntu1~16.04.9) 5.4.0 20160609
Copyright (C) 2015 Free Software Foundation, Inc.
This is free software; see the source for copying conditions.  There is NO
warranty; not even for MERCHANTABILITY or FITNESS FOR A PARTICULAR PURPOSE.

configure:17842: $? = 0
configure:17831: gcc -v >&5
Using built-in specs.
COLLECT_GCC=gcc
COLLECT_LTO_WRAPPER=/usr/lib/gcc/x86_64-linux-gnu/5/lto-wrapper
Target: x86_64-linux-gnu
Configured with: ../src/configure -v --with-pkgversion='Ubuntu 5.4.0-6ubuntu1~16.04.9' --with-bugurl=file:///usr/share/doc/gcc-5/README.Bugs --enable-languages=c,ada,c++,java,go,d,fortran,objc,obj-c++ --prefix=/usr --program-suffix=-5 --enable-shared --enable-linker-build-id --libexecdir=/usr/lib --without-included-gettext --enable-threads=posix --libdir=/usr/lib --enable-nls --with-sysroot=/ --enable-clocale=gnu --enable-libstdcxx-debug --enable-libstdcxx-time=yes --with-default-libstdcxx-abi=new --enable-gnu-unique-object --disable-vtable-verify --enable-libmpx --enable-plugin --with-system-zlib --disable-browser-plugin --enable-java-awt=gtk --enable-gtk-cairo --with-java-home=/usr/lib/jvm/java-1.5.0-gcj-5-amd64/jre --enable-java-home --with-jvm-root-dir=/usr/lib/jvm/java-1.5.0-gcj-5-amd64 --with-jvm-jar-dir=/usr/lib/jvm-exports/java-1.5.0-gcj-5-amd64 --with-arch-directory=amd64 --with-ecj-jar=/usr/share/java/eclipse-ecj.jar --enable-objc-gc --enable-multiarch --disable-werror --with-arch-32=i686 --with-abi=m64 --with-multilib-list=m32,m64,mx32 --enable-multilib --with-tune=generic --enable-checking=release --build=x86_64-linux-gnu --host=x86_64-linux-gnu --target=x86_64-linux-gnu
Thread model: posix
gcc version 5.4.0 20160609 (Ubuntu 5.4.0-6ubuntu1~16.04.9) 
configure:17842: $? = 0
configure:17831: gcc -V >&5
gcc: error: unrecognized command line option '-V'
gcc: fatal error: no input files
compilation terminated.
configure:17842: $? = 1
configure:17831: gcc -qversion >&5
gcc: error: unrecognized command line option '-qversion'
gcc: fatal error: no input files
compilation terminated.
configure:17842: $? = 1
configure:17846: checking whether we are using the GNU C compiler
configure:17874: result: yes
configure:17883: checking whether gcc accepts -g
configure:17944: result: yes
configure:17961: checking for gcc option to accept ISO C89
configure:18037: result: none needed
configure:18062: checking whether gcc understands -c and -o together
configure:18099: result: yes
configure:18118: checking dependency style of gcc
configure:18229: result: gcc3
configure:18245: checking whether gcc and cc understand -c and -o together
configure:18276: gcc -c conftest.c -o conftest2.o >&5
configure:18280: $? = 0
configure:18286: gcc -c conftest.c -o conftest2.o >&5
configure:18290: $? = 0
configure:18301: cc -c conftest.c >&5
configure:18305: $? = 0
configure:18313: cc -c conftest.c -o conftest2.o >&5
configure:18317: $? = 0
configure:18323: cc -c conftest.c -o conftest2.o >&5
configure:18327: $? = 0
configure:18345: result: yes
configure:18467: checking for C++ compiler version
configure:18476: g++ --version >&5
g++ (Ubuntu 5.4.0-6ubuntu1~16.04.9) 5.4.0 20160609
Copyright (C) 2015 Free Software Foundation, Inc.
This is free software; see the source for copying conditions.  There is NO
warranty; not even for MERCHANTABILITY or FITNESS FOR A PARTICULAR PURPOSE.

configure:18487: $? = 0
configure:18476: g++ -v >&5
Using built-in specs.
COLLECT_GCC=g++
COLLECT_LTO_WRAPPER=/usr/lib/gcc/x86_64-linux-gnu/5/lto-wrapper
Target: x86_64-linux-gnu
Configured with: ../src/configure -v --with-pkgversion='Ubuntu 5.4.0-6ubuntu1~16.04.9' --with-bugurl=file:///usr/share/doc/gcc-5/README.Bugs --enable-languages=c,ada,c++,java,go,d,fortran,objc,obj-c++ --prefix=/usr --program-suffix=-5 --enable-shared --enable-linker-build-id --libexecdir=/usr/lib --without-included-gettext --enable-threads=posix --libdir=/usr/lib --enable-nls --with-sysroot=/ --enable-clocale=gnu --enable-libstdcxx-debug --enable-libstdcxx-time=yes --with-default-libstdcxx-abi=new --enable-gnu-unique-object --disable-vtable-verify --enable-libmpx --enable-plugin --with-system-zlib --disable-browser-plugin --enable-java-awt=gtk --enable-gtk-cairo --with-java-home=/usr/lib/jvm/java-1.5.0-gcj-5-amd64/jre --enable-java-home --with-jvm-root-dir=/usr/lib/jvm/java-1.5.0-gcj-5-amd64 --with-jvm-jar-dir=/usr/lib/jvm-exports/java-1.5.0-gcj-5-amd64 --with-arch-directory=amd64 --with-ecj-jar=/usr/share/java/eclipse-ecj.jar --enable-objc-gc --enable-multiarch --disable-werror --with-arch-32=i686 --with-abi=m64 --with-multilib-list=m32,m64,mx32 --enable-multilib --with-tune=generic --enable-checking=release --build=x86_64-linux-gnu --host=x86_64-linux-gnu --target=x86_64-linux-gnu
Thread model: posix
gcc version 5.4.0 20160609 (Ubuntu 5.4.0-6ubuntu1~16.04.9) 
configure:18487: $? = 0
configure:18476: g++ -V >&5
g++: error: unrecognized command line option '-V'
g++: fatal error: no input files
compilation terminated.
configure:18487: $? = 1
configure:18476: g++ -qversion >&5
g++: error: unrecognized command line option '-qversion'
g++: fatal error: no input files
compilation terminated.
configure:18487: $? = 1
configure:18491: checking whether we are using the GNU C++ compiler
configure:18519: result: yes
configure:18528: checking whether g++ accepts -g
configure:18589: result: yes
configure:18614: checking dependency style of g++
configure:18725: result: gcc3
configure:18741: checking for size_t
configure:18741: gcc -c   -fvisibility=hidden conftest.c >&5
configure:18741: $? = 0
configure:18741: gcc -c   -fvisibility=hidden conftest.c >&5
conftest.c: In function 'main':
conftest.c:78:21: error: expected expression before ')' token
 if (sizeof ((size_t)))
                     ^
configure:18741: $? = 1
configure: failed program was:
| /* confdefs.h */
| #define PACKAGE_NAME "wolfssl"
| #define PACKAGE_TARNAME "wolfssl"
| #define PACKAGE_VERSION "3.14.0"
| #define PACKAGE_STRING "wolfssl 3.14.0"
| #define PACKAGE_BUGREPORT "https://github.com/wolfssl/wolfssl/issues"
| #define PACKAGE_URL "http://www.wolfssl.com"
| #define STDC_HEADERS 1
| #define HAVE_SYS_TYPES_H 1
| #define HAVE_SYS_STAT_H 1
| #define HAVE_STDLIB_H 1
| #define HAVE_STRING_H 1
| #define HAVE_MEMORY_H 1
| #define HAVE_STRINGS_H 1
| #define HAVE_INTTYPES_H 1
| #define HAVE_STDINT_H 1
| #define HAVE_UNISTD_H 1
| #define HAVE_DLFCN_H 1
| #define LT_OBJDIR ".libs/"
| #define HAVE_VISIBILITY 1
| #define SIZEOF_LONG_LONG 8
| #define SIZEOF_LONG 8
| #define HAVE___UINT128_T 1
| #define HAVE_GETHOSTBYNAME 1
| #define HAVE_GETADDRINFO 1
| #define HAVE_GETTIMEOFDAY 1
| #define HAVE_GMTIME_R 1
| #define HAVE_INET_NTOA 1
| #define HAVE_MEMSET 1
| #define HAVE_SOCKET 1
| #define HAVE_ARPA_INET_H 1
| #define HAVE_FCNTL_H 1
| #define HAVE_LIMITS_H 1
| #define HAVE_NETDB_H 1
| #define HAVE_NETINET_IN_H 1
| #define HAVE_STDDEF_H 1
| #define HAVE_SYS_IOCTL_H 1
| #define HAVE_SYS_SOCKET_H 1
| #define HAVE_SYS_TIME_H 1
| #define HAVE_ERRNO_H 1
| /* end confdefs.h.  */
| #include <stdio.h>
| #ifdef HAVE_SYS_TYPES_H
| # include <sys/types.h>
| #endif
| #ifdef HAVE_SYS_STAT_H
| # include <sys/stat.h>
| #endif
| #ifdef STDC_HEADERS
| # include <stdlib.h>
| # include <stddef.h>
| #else
| # ifdef HAVE_STDLIB_H
| #  include <stdlib.h>
| # endif
| #endif
| #ifdef HAVE_STRING_H
| # if !defined STDC_HEADERS && defined HAVE_MEMORY_H
| #  include <memory.h>
| # endif
| # include <string.h>
| #endif
| #ifdef HAVE_STRINGS_H
| # include <strings.h>
| #endif
| #ifdef HAVE_INTTYPES_H
| # include <inttypes.h>
| #endif
| #ifdef HAVE_STDINT_H
| # include <stdint.h>
| #endif
| #ifdef HAVE_UNISTD_H
| # include <unistd.h>
| #endif
| int
| main ()
| {
| if (sizeof ((size_t)))
| 	    return 0;
|   ;
|   return 0;
| }
configure:18741: result: yes
configure:18752: checking for uint8_t
configure:18752: gcc -c   -fvisibility=hidden conftest.c >&5
configure:18752: $? = 0
configure:18752: result: yes
configure:18775: checking dependency style of gcc
configure:18884: result: gcc3
configure:18988: checking for cos in -lm
configure:19013: gcc -o conftest   -fvisibility=hidden  conftest.c -lm   >&5
conftest.c:49:6: warning: conflicting types for built-in function 'cos'
 char cos ();
      ^
configure:19013: $? = 0
configure:19022: result: yes
configure:19043: checking for thread local storage (TLS) class
configure:19071: gcc -c   -fvisibility=hidden conftest.c >&5
configure:19071: $? = 0
configure:19083: result: __thread
configure:19123: checking for debug
configure:19125: result: no
configure:19484: checking for the pthreads library -lpthreads
configure:19522: gcc -o conftest    -fvisibility=hidden  conftest.c -lpthreads  >&5
/usr/bin/ld: cannot find -lpthreads
collect2: error: ld returned 1 exit status
configure:19522: $? = 1
configure: failed program was:
| /* confdefs.h */
| #define PACKAGE_NAME "wolfssl"
| #define PACKAGE_TARNAME "wolfssl"
| #define PACKAGE_VERSION "3.14.0"
| #define PACKAGE_STRING "wolfssl 3.14.0"
| #define PACKAGE_BUGREPORT "https://github.com/wolfssl/wolfssl/issues"
| #define PACKAGE_URL "http://www.wolfssl.com"
| #define STDC_HEADERS 1
| #define HAVE_SYS_TYPES_H 1
| #define HAVE_SYS_STAT_H 1
| #define HAVE_STDLIB_H 1
| #define HAVE_STRING_H 1
| #define HAVE_MEMORY_H 1
| #define HAVE_STRINGS_H 1
| #define HAVE_INTTYPES_H 1
| #define HAVE_STDINT_H 1
| #define HAVE_UNISTD_H 1
| #define HAVE_DLFCN_H 1
| #define LT_OBJDIR ".libs/"
| #define HAVE_VISIBILITY 1
| #define SIZEOF_LONG_LONG 8
| #define SIZEOF_LONG 8
| #define HAVE___UINT128_T 1
| #define HAVE_GETHOSTBYNAME 1
| #define HAVE_GETADDRINFO 1
| #define HAVE_GETTIMEOFDAY 1
| #define HAVE_GMTIME_R 1
| #define HAVE_INET_NTOA 1
| #define HAVE_MEMSET 1
| #define HAVE_SOCKET 1
| #define HAVE_ARPA_INET_H 1
| #define HAVE_FCNTL_H 1
| #define HAVE_LIMITS_H 1
| #define HAVE_NETDB_H 1
| #define HAVE_NETINET_IN_H 1
| #define HAVE_STDDEF_H 1
| #define HAVE_SYS_IOCTL_H 1
| #define HAVE_SYS_SOCKET_H 1
| #define HAVE_SYS_TIME_H 1
| #define HAVE_ERRNO_H 1
| #define TLS __thread
| #define DEBUG 0
| /* end confdefs.h.  */
| #include <pthread.h>
|                         static void routine(void *a) { a = 0; }
|                         static void *start_routine(void *a) { return a; }
| int
| main ()
| {
| pthread_t th; pthread_attr_t attr;
|                         pthread_create(&th, 0, start_routine, 0);
|                         pthread_join(th, 0);
|                         pthread_attr_init(&attr);
|                         pthread_cleanup_push(routine, 0);
|                         pthread_cleanup_pop(0) /* ; */
|   ;
|   return 0;
| }
configure:19531: result: no
configure:19429: checking whether pthreads work without any flags
configure:19522: gcc -o conftest    -fvisibility=hidden  conftest.c   >&5
/tmp/ccopQL2Q.o: In function `main':
conftest.c:(.text+0x55): undefined reference to `pthread_create'
conftest.c:(.text+0x69): undefined reference to `pthread_join'
conftest.c:(.text+0xdd): undefined reference to `__pthread_register_cancel'
conftest.c:(.text+0xe9): undefined reference to `__pthread_unregister_cancel'
collect2: error: ld returned 1 exit status
configure:19522: $? = 1
configure: failed program was:
| /* confdefs.h */
| #define PACKAGE_NAME "wolfssl"
| #define PACKAGE_TARNAME "wolfssl"
| #define PACKAGE_VERSION "3.14.0"
| #define PACKAGE_STRING "wolfssl 3.14.0"
| #define PACKAGE_BUGREPORT "https://github.com/wolfssl/wolfssl/issues"
| #define PACKAGE_URL "http://www.wolfssl.com"
| #define STDC_HEADERS 1
| #define HAVE_SYS_TYPES_H 1
| #define HAVE_SYS_STAT_H 1
| #define HAVE_STDLIB_H 1
| #define HAVE_STRING_H 1
| #define HAVE_MEMORY_H 1
| #define HAVE_STRINGS_H 1
| #define HAVE_INTTYPES_H 1
| #define HAVE_STDINT_H 1
| #define HAVE_UNISTD_H 1
| #define HAVE_DLFCN_H 1
| #define LT_OBJDIR ".libs/"
| #define HAVE_VISIBILITY 1
| #define SIZEOF_LONG_LONG 8
| #define SIZEOF_LONG 8
| #define HAVE___UINT128_T 1
| #define HAVE_GETHOSTBYNAME 1
| #define HAVE_GETADDRINFO 1
| #define HAVE_GETTIMEOFDAY 1
| #define HAVE_GMTIME_R 1
| #define HAVE_INET_NTOA 1
| #define HAVE_MEMSET 1
| #define HAVE_SOCKET 1
| #define HAVE_ARPA_INET_H 1
| #define HAVE_FCNTL_H 1
| #define HAVE_LIMITS_H 1
| #define HAVE_NETDB_H 1
| #define HAVE_NETINET_IN_H 1
| #define HAVE_STDDEF_H 1
| #define HAVE_SYS_IOCTL_H 1
| #define HAVE_SYS_SOCKET_H 1
| #define HAVE_SYS_TIME_H 1
| #define HAVE_ERRNO_H 1
| #define TLS __thread
| #define DEBUG 0
| /* end confdefs.h.  */
| #include <pthread.h>
|                         static void routine(void *a) { a = 0; }
|                         static void *start_routine(void *a) { return a; }
| int
| main ()
| {
| pthread_t th; pthread_attr_t attr;
|                         pthread_create(&th, 0, start_routine, 0);
|                         pthread_join(th, 0);
|                         pthread_attr_init(&attr);
|                         pthread_cleanup_push(routine, 0);
|                         pthread_cleanup_pop(0) /* ; */
|   ;
|   return 0;
| }
configure:19531: result: no
configure:19434: checking whether pthreads work with -Kthread
configure:19522: gcc -o conftest  -Kthread  -fvisibility=hidden  conftest.c   >&5
gcc: error: unrecognized command line option '-Kthread'
configure:19522: $? = 1
configure: failed program was:
| /* confdefs.h */
| #define PACKAGE_NAME "wolfssl"
| #define PACKAGE_TARNAME "wolfssl"
| #define PACKAGE_VERSION "3.14.0"
| #define PACKAGE_STRING "wolfssl 3.14.0"
| #define PACKAGE_BUGREPORT "https://github.com/wolfssl/wolfssl/issues"
| #define PACKAGE_URL "http://www.wolfssl.com"
| #define STDC_HEADERS 1
| #define HAVE_SYS_TYPES_H 1
| #define HAVE_SYS_STAT_H 1
| #define HAVE_STDLIB_H 1
| #define HAVE_STRING_H 1
| #define HAVE_MEMORY_H 1
| #define HAVE_STRINGS_H 1
| #define HAVE_INTTYPES_H 1
| #define HAVE_STDINT_H 1
| #define HAVE_UNISTD_H 1
| #define HAVE_DLFCN_H 1
| #define LT_OBJDIR ".libs/"
| #define HAVE_VISIBILITY 1
| #define SIZEOF_LONG_LONG 8
| #define SIZEOF_LONG 8
| #define HAVE___UINT128_T 1
| #define HAVE_GETHOSTBYNAME 1
| #define HAVE_GETADDRINFO 1
| #define HAVE_GETTIMEOFDAY 1
| #define HAVE_GMTIME_R 1
| #define HAVE_INET_NTOA 1
| #define HAVE_MEMSET 1
| #define HAVE_SOCKET 1
| #define HAVE_ARPA_INET_H 1
| #define HAVE_FCNTL_H 1
| #define HAVE_LIMITS_H 1
| #define HAVE_NETDB_H 1
| #define HAVE_NETINET_IN_H 1
| #define HAVE_STDDEF_H 1
| #define HAVE_SYS_IOCTL_H 1
| #define HAVE_SYS_SOCKET_H 1
| #define HAVE_SYS_TIME_H 1
| #define HAVE_ERRNO_H 1
| #define TLS __thread
| #define DEBUG 0
| /* end confdefs.h.  */
| #include <pthread.h>
|                         static void routine(void *a) { a = 0; }
|                         static void *start_routine(void *a) { return a; }
| int
| main ()
| {
| pthread_t th; pthread_attr_t attr;
|                         pthread_create(&th, 0, start_routine, 0);
|                         pthread_join(th, 0);
|                         pthread_attr_init(&attr);
|                         pthread_cleanup_push(routine, 0);
|                         pthread_cleanup_pop(0) /* ; */
|   ;
|   return 0;
| }
configure:19531: result: no
configure:19434: checking whether pthreads work with -kthread
configure:19522: gcc -o conftest  -kthread  -fvisibility=hidden  conftest.c   >&5
gcc: error: unrecognized command line option '-kthread'
configure:19522: $? = 1
configure: failed program was:
| /* confdefs.h */
| #define PACKAGE_NAME "wolfssl"
| #define PACKAGE_TARNAME "wolfssl"
| #define PACKAGE_VERSION "3.14.0"
| #define PACKAGE_STRING "wolfssl 3.14.0"
| #define PACKAGE_BUGREPORT "https://github.com/wolfssl/wolfssl/issues"
| #define PACKAGE_URL "http://www.wolfssl.com"
| #define STDC_HEADERS 1
| #define HAVE_SYS_TYPES_H 1
| #define HAVE_SYS_STAT_H 1
| #define HAVE_STDLIB_H 1
| #define HAVE_STRING_H 1
| #define HAVE_MEMORY_H 1
| #define HAVE_STRINGS_H 1
| #define HAVE_INTTYPES_H 1
| #define HAVE_STDINT_H 1
| #define HAVE_UNISTD_H 1
| #define HAVE_DLFCN_H 1
| #define LT_OBJDIR ".libs/"
| #define HAVE_VISIBILITY 1
| #define SIZEOF_LONG_LONG 8
| #define SIZEOF_LONG 8
| #define HAVE___UINT128_T 1
| #define HAVE_GETHOSTBYNAME 1
| #define HAVE_GETADDRINFO 1
| #define HAVE_GETTIMEOFDAY 1
| #define HAVE_GMTIME_R 1
| #define HAVE_INET_NTOA 1
| #define HAVE_MEMSET 1
| #define HAVE_SOCKET 1
| #define HAVE_ARPA_INET_H 1
| #define HAVE_FCNTL_H 1
| #define HAVE_LIMITS_H 1
| #define HAVE_NETDB_H 1
| #define HAVE_NETINET_IN_H 1
| #define HAVE_STDDEF_H 1
| #define HAVE_SYS_IOCTL_H 1
| #define HAVE_SYS_SOCKET_H 1
| #define HAVE_SYS_TIME_H 1
| #define HAVE_ERRNO_H 1
| #define TLS __thread
| #define DEBUG 0
| /* end confdefs.h.  */
| #include <pthread.h>
|                         static void routine(void *a) { a = 0; }
|                         static void *start_routine(void *a) { return a; }
| int
| main ()
| {
| pthread_t th; pthread_attr_t attr;
|                         pthread_create(&th, 0, start_routine, 0);
|                         pthread_join(th, 0);
|                         pthread_attr_init(&attr);
|                         pthread_cleanup_push(routine, 0);
|                         pthread_cleanup_pop(0) /* ; */
|   ;
|   return 0;
| }
configure:19531: result: no
configure:19484: checking for the pthreads library -llthread
configure:19522: gcc -o conftest    -fvisibility=hidden  conftest.c -llthread  >&5
/usr/bin/ld: cannot find -llthread
collect2: error: ld returned 1 exit status
configure:19522: $? = 1
configure: failed program was:
| /* confdefs.h */
| #define PACKAGE_NAME "wolfssl"
| #define PACKAGE_TARNAME "wolfssl"
| #define PACKAGE_VERSION "3.14.0"
| #define PACKAGE_STRING "wolfssl 3.14.0"
| #define PACKAGE_BUGREPORT "https://github.com/wolfssl/wolfssl/issues"
| #define PACKAGE_URL "http://www.wolfssl.com"
| #define STDC_HEADERS 1
| #define HAVE_SYS_TYPES_H 1
| #define HAVE_SYS_STAT_H 1
| #define HAVE_STDLIB_H 1
| #define HAVE_STRING_H 1
| #define HAVE_MEMORY_H 1
| #define HAVE_STRINGS_H 1
| #define HAVE_INTTYPES_H 1
| #define HAVE_STDINT_H 1
| #define HAVE_UNISTD_H 1
| #define HAVE_DLFCN_H 1
| #define LT_OBJDIR ".libs/"
| #define HAVE_VISIBILITY 1
| #define SIZEOF_LONG_LONG 8
| #define SIZEOF_LONG 8
| #define HAVE___UINT128_T 1
| #define HAVE_GETHOSTBYNAME 1
| #define HAVE_GETADDRINFO 1
| #define HAVE_GETTIMEOFDAY 1
| #define HAVE_GMTIME_R 1
| #define HAVE_INET_NTOA 1
| #define HAVE_MEMSET 1
| #define HAVE_SOCKET 1
| #define HAVE_ARPA_INET_H 1
| #define HAVE_FCNTL_H 1
| #define HAVE_LIMITS_H 1
| #define HAVE_NETDB_H 1
| #define HAVE_NETINET_IN_H 1
| #define HAVE_STDDEF_H 1
| #define HAVE_SYS_IOCTL_H 1
| #define HAVE_SYS_SOCKET_H 1
| #define HAVE_SYS_TIME_H 1
| #define HAVE_ERRNO_H 1
| #define TLS __thread
| #define DEBUG 0
| /* end confdefs.h.  */
| #include <pthread.h>
|                         static void routine(void *a) { a = 0; }
|                         static void *start_routine(void *a) { return a; }
| int
| main ()
| {
| pthread_t th; pthread_attr_t attr;
|                         pthread_create(&th, 0, start_routine, 0);
|                         pthread_join(th, 0);
|                         pthread_attr_init(&attr);
|                         pthread_cleanup_push(routine, 0);
|                         pthread_cleanup_pop(0) /* ; */
|   ;
|   return 0;
| }
configure:19531: result: no
configure:19434: checking whether pthreads work with -pthread
configure:19522: gcc -o conftest  -pthread  -fvisibility=hidden  conftest.c   >&5
configure:19522: $? = 0
configure:19531: result: yes
configure:19550: checking for joinable pthread attribute
configure:19565: gcc -o conftest  -pthread  -fvisibility=hidden  conftest.c   >&5
configure:19565: $? = 0
configure:19571: result: PTHREAD_CREATE_JOINABLE
configure:19581: checking if more special flags are required for pthreads
configure:19595: result: no
configure:19601: checking for PTHREAD_PRIO_INHERIT
configure:19619: gcc -o conftest  -pthread  -fvisibility=hidden  conftest.c   >&5
configure:19619: $? = 0
configure:19628: result: yes
configure:24929: checking for fast RSA
configure:24944: result: no
configure:25878: checking for library containing gethostbyname
configure:25909: gcc -o conftest   -fvisibility=hidden  conftest.c   >&5
configure:25909: $? = 0
configure:25926: result: none required
configure:25934: checking for library containing socket
configure:25965: gcc -o conftest   -fvisibility=hidden  conftest.c   >&5
configure:25965: $? = 0
configure:25982: result: none required
configure:26033: checking for vcs system
configure:26053: result: git
configure:26062: checking for vcs checkout
configure:26074: result: yes
configure:26103: checking whether the linker accepts -Werror
configure:26122: gcc -o conftest   -fvisibility=hidden   -Werror conftest.c   >&5
configure:26122: $? = 0
configure:26131: result: yes
configure:26186: checking whether the linker accepts -z relro -z now
configure:26205: gcc -o conftest   -fvisibility=hidden   -z relro -z now conftest.c   >&5
configure:26205: $? = 0
configure:26215: result: yes
configure:26227: checking whether the linker accepts -pie
configure:26246: gcc -o conftest   -fvisibility=hidden   -pie conftest.c   >&5
configure:26246: $? = 0
configure:26256: result: yes
configure:26269: checking whether C compiler accepts 
configure:26288: gcc -c     -fvisibility=hidden conftest.c >&5
configure:26288: $? = 0
configure:26296: result: yes
configure:26307: : CFLAGS already contains 
configure:26310: $? = 0
configure:26344: checking whether C compiler accepts -Werror
configure:26363: gcc -c   -Werror  -fvisibility=hidden conftest.c >&5
configure:26363: $? = 0
configure:26372: result: yes
configure:26385: : CFLAGS="$CFLAGS $flag"
configure:26388: $? = 0
configure:26671: checking whether C compiler accepts -Wno-pragmas
configure:26690: gcc -c  -Werror  -Wno-pragmas  -fvisibility=hidden conftest.c >&5
configure:26690: $? = 0
configure:26699: result: yes
configure:26712: : CFLAGS="$CFLAGS $flag"
configure:26715: $? = 0
configure:26735: checking whether C compiler accepts -Wall
configure:26754: gcc -c  -Werror -Wno-pragmas  -Wall  -fvisibility=hidden conftest.c >&5
configure:26754: $? = 0
configure:26763: result: yes
configure:26776: : CFLAGS="$CFLAGS $flag"
configure:26779: $? = 0
configure:26798: checking whether C compiler accepts -Wno-strict-aliasing
configure:26817: gcc -c  -Werror -Wno-pragmas -Wall  -Wno-strict-aliasing  -fvisibility=hidden conftest.c >&5
configure:26817: $? = 0
configure:26826: result: yes
configure:26839: : CFLAGS="$CFLAGS $flag"
configure:26842: $? = 0
configure:26861: checking whether C compiler accepts -Wextra
configure:26880: gcc -c  -Werror -Wno-pragmas -Wall -Wno-strict-aliasing  -Wextra  -fvisibility=hidden conftest.c >&5
configure:26880: $? = 0
configure:26889: result: yes
configure:26902: : CFLAGS="$CFLAGS $flag"
configure:26905: $? = 0
configure:26924: checking whether C compiler accepts -Wunknown-pragmas
configure:26943: gcc -c  -Werror -Wno-pragmas -Wall -Wno-strict-aliasing -Wextra  -Wunknown-pragmas  -fvisibility=hidden conftest.c >&5
configure:26943: $? = 0
configure:26952: result: yes
configure:26965: : CFLAGS="$CFLAGS $flag"
configure:26968: $? = 0
configure:26987: checking whether C compiler accepts -Wthis-test-should-fail
configure:27006: gcc -c  -Werror -Wno-pragmas -Wall -Wno-strict-aliasing -Wextra -Wunknown-pragmas  -Wthis-test-should-fail  -fvisibility=hidden conftest.c >&5
gcc: error: unrecognized command line option '-Wthis-test-should-fail'
configure:27006: $? = 1
configure: failed program was:
| /* confdefs.h */
| #define PACKAGE_NAME "wolfssl"
| #define PACKAGE_TARNAME "wolfssl"
| #define PACKAGE_VERSION "3.14.0"
| #define PACKAGE_STRING "wolfssl 3.14.0"
| #define PACKAGE_BUGREPORT "https://github.com/wolfssl/wolfssl/issues"
| #define PACKAGE_URL "http://www.wolfssl.com"
| #define STDC_HEADERS 1
| #define HAVE_SYS_TYPES_H 1
| #define HAVE_SYS_STAT_H 1
| #define HAVE_STDLIB_H 1
| #define HAVE_STRING_H 1
| #define HAVE_MEMORY_H 1
| #define HAVE_STRINGS_H 1
| #define HAVE_INTTYPES_H 1
| #define HAVE_STDINT_H 1
| #define HAVE_UNISTD_H 1
| #define HAVE_DLFCN_H 1
| #define LT_OBJDIR ".libs/"
| #define HAVE_VISIBILITY 1
| #define SIZEOF_LONG_LONG 8
| #define SIZEOF_LONG 8
| #define HAVE___UINT128_T 1
| #define HAVE_GETHOSTBYNAME 1
| #define HAVE_GETADDRINFO 1
| #define HAVE_GETTIMEOFDAY 1
| #define HAVE_GMTIME_R 1
| #define HAVE_INET_NTOA 1
| #define HAVE_MEMSET 1
| #define HAVE_SOCKET 1
| #define HAVE_ARPA_INET_H 1
| #define HAVE_FCNTL_H 1
| #define HAVE_LIMITS_H 1
| #define HAVE_NETDB_H 1
| #define HAVE_NETINET_IN_H 1
| #define HAVE_STDDEF_H 1
| #define HAVE_SYS_IOCTL_H 1
| #define HAVE_SYS_SOCKET_H 1
| #define HAVE_SYS_TIME_H 1
| #define HAVE_ERRNO_H 1
| #define TLS __thread
| #define DEBUG 0
| #define HAVE_PTHREAD_PRIO_INHERIT 1
| #define HAVE_PTHREAD 1
| #define BUILD_USER_RSA /**/
| #define VCS_SYSTEM "git"
| #define VCS_CHECKOUT 1
| /* end confdefs.h.  */
| 
| int
| main ()
| {
| 
|   ;
|   return 0;
| }
configure:27015: result: no
configure:27054: checking whether C compiler accepts --param=ssp-buffer-size=1
configure:27073: gcc -c  -Werror -Wno-pragmas -Wall -Wno-strict-aliasing -Wextra -Wunknown-pragmas  --param=ssp-buffer-size=1  -fvisibility=hidden conftest.c >&5
configure:27073: $? = 0
configure:27082: result: yes
configure:27095: : CFLAGS="$CFLAGS $flag"
configure:27098: $? = 0
configure:27119: checking whether C compiler accepts -Waddress
configure:27138: gcc -c  -Werror -Wno-pragmas -Wall -Wno-strict-aliasing -Wextra -Wunknown-pragmas --param=ssp-buffer-size=1  -Waddress  -fvisibility=hidden conftest.c >&5
configure:27138: $? = 0
configure:27147: result: yes
configure:27160: : CFLAGS="$CFLAGS $flag"
configure:27163: $? = 0
configure:27182: checking whether C compiler accepts -Warray-bounds
configure:27201: gcc -c  -Werror -Wno-pragmas -Wall -Wno-strict-aliasing -Wextra -Wunknown-pragmas --param=ssp-buffer-size=1 -Waddress  -Warray-bounds  -fvisibility=hidden conftest.c >&5
configure:27201: $? = 0
configure:27210: result: yes
configure:27223: : CFLAGS="$CFLAGS $flag"
configure:27226: $? = 0
configure:27245: checking whether C compiler accepts -Wbad-function-cast
configure:27264: gcc -c  -Werror -Wno-pragmas -Wall -Wno-strict-aliasing -Wextra -Wunknown-pragmas --param=ssp-buffer-size=1 -Waddress -Warray-bounds  -Wbad-function-cast  -fvisibility=hidden conftest.c >&5
configure:27264: $? = 0
configure:27273: result: yes
configure:27286: : CFLAGS="$CFLAGS $flag"
configure:27289: $? = 0
configure:27308: checking whether C compiler accepts -Wchar-subscripts
configure:27327: gcc -c  -Werror -Wno-pragmas -Wall -Wno-strict-aliasing -Wextra -Wunknown-pragmas --param=ssp-buffer-size=1 -Waddress -Warray-bounds -Wbad-function-cast  -Wchar-subscripts  -fvisibility=hidden conftest.c >&5
configure:27327: $? = 0
configure:27336: result: yes
configure:27349: : CFLAGS="$CFLAGS $flag"
configure:27352: $? = 0
configure:27371: checking whether C compiler accepts -Wcomment
configure:27390: gcc -c  -Werror -Wno-pragmas -Wall -Wno-strict-aliasing -Wextra -Wunknown-pragmas --param=ssp-buffer-size=1 -Waddress -Warray-bounds -Wbad-function-cast -Wchar-subscripts  -Wcomment  -fvisibility=hidden conftest.c >&5
configure:27390: $? = 0
configure:27399: result: yes
configure:27412: : CFLAGS="$CFLAGS $flag"
configure:27415: $? = 0
configure:27434: checking whether C compiler accepts -Wfloat-equal
configure:27453: gcc -c  -Werror -Wno-pragmas -Wall -Wno-strict-aliasing -Wextra -Wunknown-pragmas --param=ssp-buffer-size=1 -Waddress -Warray-bounds -Wbad-function-cast -Wchar-subscripts -Wcomment  -Wfloat-equal  -fvisibility=hidden conftest.c >&5
configure:27453: $? = 0
configure:27462: result: yes
configure:27475: : CFLAGS="$CFLAGS $flag"
configure:27478: $? = 0
configure:27497: checking whether C compiler accepts -Wformat-security
configure:27516: gcc -c  -Werror -Wno-pragmas -Wall -Wno-strict-aliasing -Wextra -Wunknown-pragmas --param=ssp-buffer-size=1 -Waddress -Warray-bounds -Wbad-function-cast -Wchar-subscripts -Wcomment -Wfloat-equal  -Wformat-security  -fvisibility=hidden conftest.c >&5
configure:27516: $? = 0
configure:27525: result: yes
configure:27538: : CFLAGS="$CFLAGS $flag"
configure:27541: $? = 0
configure:27560: checking whether C compiler accepts -Wformat=2
configure:27579: gcc -c  -Werror -Wno-pragmas -Wall -Wno-strict-aliasing -Wextra -Wunknown-pragmas --param=ssp-buffer-size=1 -Waddress -Warray-bounds -Wbad-function-cast -Wchar-subscripts -Wcomment -Wfloat-equal -Wformat-security  -Wformat=2  -fvisibility=hidden conftest.c >&5
configure:27579: $? = 0
configure:27588: result: yes
configure:27601: : CFLAGS="$CFLAGS $flag"
configure:27604: $? = 0
configure:27623: checking whether C compiler accepts -Wmaybe-uninitialized
configure:27642: gcc -c  -Werror -Wno-pragmas -Wall -Wno-strict-aliasing -Wextra -Wunknown-pragmas --param=ssp-buffer-size=1 -Waddress -Warray-bounds -Wbad-function-cast -Wchar-subscripts -Wcomment -Wfloat-equal -Wformat-security -Wformat=2  -Wmaybe-uninitialized  -fvisibility=hidden conftest.c >&5
configure:27642: $? = 0
configure:27651: result: yes
configure:27664: : CFLAGS="$CFLAGS $flag"
configure:27667: $? = 0
configure:27686: checking whether C compiler accepts -Wmissing-field-initializers
configure:27705: gcc -c  -Werror -Wno-pragmas -Wall -Wno-strict-aliasing -Wextra -Wunknown-pragmas --param=ssp-buffer-size=1 -Waddress -Warray-bounds -Wbad-function-cast -Wchar-subscripts -Wcomment -Wfloat-equal -Wformat-security -Wformat=2 -Wmaybe-uninitialized  -Wmissing-field-initializers  -fvisibility=hidden conftest.c >&5
configure:27705: $? = 0
configure:27714: result: yes
configure:27727: : CFLAGS="$CFLAGS $flag"
configure:27730: $? = 0
configure:27749: checking whether C compiler accepts -Wmissing-noreturn
configure:27768: gcc -c  -Werror -Wno-pragmas -Wall -Wno-strict-aliasing -Wextra -Wunknown-pragmas --param=ssp-buffer-size=1 -Waddress -Warray-bounds -Wbad-function-cast -Wchar-subscripts -Wcomment -Wfloat-equal -Wformat-security -Wformat=2 -Wmaybe-uninitialized -Wmissing-field-initializers  -Wmissing-noreturn  -fvisibility=hidden conftest.c >&5
configure:27768: $? = 0
configure:27777: result: yes
configure:27790: : CFLAGS="$CFLAGS $flag"
configure:27793: $? = 0
configure:27812: checking whether C compiler accepts -Wmissing-prototypes
configure:27831: gcc -c  -Werror -Wno-pragmas -Wall -Wno-strict-aliasing -Wextra -Wunknown-pragmas --param=ssp-buffer-size=1 -Waddress -Warray-bounds -Wbad-function-cast -Wchar-subscripts -Wcomment -Wfloat-equal -Wformat-security -Wformat=2 -Wmaybe-uninitialized -Wmissing-field-initializers -Wmissing-noreturn  -Wmissing-prototypes  -fvisibility=hidden conftest.c >&5
configure:27831: $? = 0
configure:27840: result: yes
configure:27853: : CFLAGS="$CFLAGS $flag"
configure:27856: $? = 0
configure:27875: checking whether C compiler accepts -Wnested-externs
configure:27894: gcc -c  -Werror -Wno-pragmas -Wall -Wno-strict-aliasing -Wextra -Wunknown-pragmas --param=ssp-buffer-size=1 -Waddress -Warray-bounds -Wbad-function-cast -Wchar-subscripts -Wcomment -Wfloat-equal -Wformat-security -Wformat=2 -Wmaybe-uninitialized -Wmissing-field-initializers -Wmissing-noreturn -Wmissing-prototypes  -Wnested-externs  -fvisibility=hidden conftest.c >&5
configure:27894: $? = 0
configure:27903: result: yes
configure:27916: : CFLAGS="$CFLAGS $flag"
configure:27919: $? = 0
configure:27938: checking whether C compiler accepts -Wnormalized=id
configure:27957: gcc -c  -Werror -Wno-pragmas -Wall -Wno-strict-aliasing -Wextra -Wunknown-pragmas --param=ssp-buffer-size=1 -Waddress -Warray-bounds -Wbad-function-cast -Wchar-subscripts -Wcomment -Wfloat-equal -Wformat-security -Wformat=2 -Wmaybe-uninitialized -Wmissing-field-initializers -Wmissing-noreturn -Wmissing-prototypes -Wnested-externs  -Wnormalized=id  -fvisibility=hidden conftest.c >&5
configure:27957: $? = 0
configure:27966: result: yes
configure:27979: : CFLAGS="$CFLAGS $flag"
configure:27982: $? = 0
configure:28001: checking whether C compiler accepts -Woverride-init
configure:28020: gcc -c  -Werror -Wno-pragmas -Wall -Wno-strict-aliasing -Wextra -Wunknown-pragmas --param=ssp-buffer-size=1 -Waddress -Warray-bounds -Wbad-function-cast -Wchar-subscripts -Wcomment -Wfloat-equal -Wformat-security -Wformat=2 -Wmaybe-uninitialized -Wmissing-field-initializers -Wmissing-noreturn -Wmissing-prototypes -Wnested-externs -Wnormalized=id  -Woverride-init  -fvisibility=hidden conftest.c >&5
configure:28020: $? = 0
configure:28029: result: yes
configure:28042: : CFLAGS="$CFLAGS $flag"
configure:28045: $? = 0
configure:28064: checking whether C compiler accepts -Wpointer-arith
configure:28083: gcc -c  -Werror -Wno-pragmas -Wall -Wno-strict-aliasing -Wextra -Wunknown-pragmas --param=ssp-buffer-size=1 -Waddress -Warray-bounds -Wbad-function-cast -Wchar-subscripts -Wcomment -Wfloat-equal -Wformat-security -Wformat=2 -Wmaybe-uninitialized -Wmissing-field-initializers -Wmissing-noreturn -Wmissing-prototypes -Wnested-externs -Wnormalized=id -Woverride-init  -Wpointer-arith  -fvisibility=hidden conftest.c >&5
configure:28083: $? = 0
configure:28092: result: yes
configure:28105: : CFLAGS="$CFLAGS $flag"
configure:28108: $? = 0
configure:28127: checking whether C compiler accepts -Wpointer-sign
configure:28146: gcc -c  -Werror -Wno-pragmas -Wall -Wno-strict-aliasing -Wextra -Wunknown-pragmas --param=ssp-buffer-size=1 -Waddress -Warray-bounds -Wbad-function-cast -Wchar-subscripts -Wcomment -Wfloat-equal -Wformat-security -Wformat=2 -Wmaybe-uninitialized -Wmissing-field-initializers -Wmissing-noreturn -Wmissing-prototypes -Wnested-externs -Wnormalized=id -Woverride-init -Wpointer-arith  -Wpointer-sign  -fvisibility=hidden conftest.c >&5
configure:28146: $? = 0
configure:28155: result: yes
configure:28168: : CFLAGS="$CFLAGS $flag"
configure:28171: $? = 0
configure:28190: checking whether C compiler accepts -Wredundant-decls
configure:28209: gcc -c  -Werror -Wno-pragmas -Wall -Wno-strict-aliasing -Wextra -Wunknown-pragmas --param=ssp-buffer-size=1 -Waddress -Warray-bounds -Wbad-function-cast -Wchar-subscripts -Wcomment -Wfloat-equal -Wformat-security -Wformat=2 -Wmaybe-uninitialized -Wmissing-field-initializers -Wmissing-noreturn -Wmissing-prototypes -Wnested-externs -Wnormalized=id -Woverride-init -Wpointer-arith -Wpointer-sign  -Wredundant-decls  -fvisibility=hidden conftest.c >&5
configure:28209: $? = 0
configure:28218: result: yes
configure:28231: : CFLAGS="$CFLAGS $flag"
configure:28234: $? = 0
configure:28253: checking whether C compiler accepts -Wshadow
configure:28272: gcc -c  -Werror -Wno-pragmas -Wall -Wno-strict-aliasing -Wextra -Wunknown-pragmas --param=ssp-buffer-size=1 -Waddress -Warray-bounds -Wbad-function-cast -Wchar-subscripts -Wcomment -Wfloat-equal -Wformat-security -Wformat=2 -Wmaybe-uninitialized -Wmissing-field-initializers -Wmissing-noreturn -Wmissing-prototypes -Wnested-externs -Wnormalized=id -Woverride-init -Wpointer-arith -Wpointer-sign -Wredundant-decls  -Wshadow  -fvisibility=hidden conftest.c >&5
configure:28272: $? = 0
configure:28281: result: yes
configure:28294: : CFLAGS="$CFLAGS $flag"
configure:28297: $? = 0
configure:28316: checking whether C compiler accepts -Wshorten-64-to-32
configure:28335: gcc -c  -Werror -Wno-pragmas -Wall -Wno-strict-aliasing -Wextra -Wunknown-pragmas --param=ssp-buffer-size=1 -Waddress -Warray-bounds -Wbad-function-cast -Wchar-subscripts -Wcomment -Wfloat-equal -Wformat-security -Wformat=2 -Wmaybe-uninitialized -Wmissing-field-initializers -Wmissing-noreturn -Wmissing-prototypes -Wnested-externs -Wnormalized=id -Woverride-init -Wpointer-arith -Wpointer-sign -Wredundant-decls -Wshadow  -Wshorten-64-to-32  -fvisibility=hidden conftest.c >&5
gcc: error: unrecognized command line option '-Wshorten-64-to-32'
configure:28335: $? = 1
configure: failed program was:
| /* confdefs.h */
| #define PACKAGE_NAME "wolfssl"
| #define PACKAGE_TARNAME "wolfssl"
| #define PACKAGE_VERSION "3.14.0"
| #define PACKAGE_STRING "wolfssl 3.14.0"
| #define PACKAGE_BUGREPORT "https://github.com/wolfssl/wolfssl/issues"
| #define PACKAGE_URL "http://www.wolfssl.com"
| #define STDC_HEADERS 1
| #define HAVE_SYS_TYPES_H 1
| #define HAVE_SYS_STAT_H 1
| #define HAVE_STDLIB_H 1
| #define HAVE_STRING_H 1
| #define HAVE_MEMORY_H 1
| #define HAVE_STRINGS_H 1
| #define HAVE_INTTYPES_H 1
| #define HAVE_STDINT_H 1
| #define HAVE_UNISTD_H 1
| #define HAVE_DLFCN_H 1
| #define LT_OBJDIR ".libs/"
| #define HAVE_VISIBILITY 1
| #define SIZEOF_LONG_LONG 8
| #define SIZEOF_LONG 8
| #define HAVE___UINT128_T 1
| #define HAVE_GETHOSTBYNAME 1
| #define HAVE_GETADDRINFO 1
| #define HAVE_GETTIMEOFDAY 1
| #define HAVE_GMTIME_R 1
| #define HAVE_INET_NTOA 1
| #define HAVE_MEMSET 1
| #define HAVE_SOCKET 1
| #define HAVE_ARPA_INET_H 1
| #define HAVE_FCNTL_H 1
| #define HAVE_LIMITS_H 1
| #define HAVE_NETDB_H 1
| #define HAVE_NETINET_IN_H 1
| #define HAVE_STDDEF_H 1
| #define HAVE_SYS_IOCTL_H 1
| #define HAVE_SYS_SOCKET_H 1
| #define HAVE_SYS_TIME_H 1
| #define HAVE_ERRNO_H 1
| #define TLS __thread
| #define DEBUG 0
| #define HAVE_PTHREAD_PRIO_INHERIT 1
| #define HAVE_PTHREAD 1
| #define BUILD_USER_RSA /**/
| #define VCS_SYSTEM "git"
| #define VCS_CHECKOUT 1
| /* end confdefs.h.  */
| 
| int
| main ()
| {
| 
|   ;
|   return 0;
| }
configure:28344: result: no
configure:28379: checking whether C compiler accepts -Wsign-compare
configure:28398: gcc -c  -Werror -Wno-pragmas -Wall -Wno-strict-aliasing -Wextra -Wunknown-pragmas --param=ssp-buffer-size=1 -Waddress -Warray-bounds -Wbad-function-cast -Wchar-subscripts -Wcomment -Wfloat-equal -Wformat-security -Wformat=2 -Wmaybe-uninitialized -Wmissing-field-initializers -Wmissing-noreturn -Wmissing-prototypes -Wnested-externs -Wnormalized=id -Woverride-init -Wpointer-arith -Wpointer-sign -Wredundant-decls -Wshadow  -Wsign-compare  -fvisibility=hidden conftest.c >&5
configure:28398: $? = 0
configure:28407: result: yes
configure:28420: : CFLAGS="$CFLAGS $flag"
configure:28423: $? = 0
configure:28442: checking whether C compiler accepts -Wstrict-overflow=1
configure:28461: gcc -c  -Werror -Wno-pragmas -Wall -Wno-strict-aliasing -Wextra -Wunknown-pragmas --param=ssp-buffer-size=1 -Waddress -Warray-bounds -Wbad-function-cast -Wchar-subscripts -Wcomment -Wfloat-equal -Wformat-security -Wformat=2 -Wmaybe-uninitialized -Wmissing-field-initializers -Wmissing-noreturn -Wmissing-prototypes -Wnested-externs -Wnormalized=id -Woverride-init -Wpointer-arith -Wpointer-sign -Wredundant-decls -Wshadow -Wsign-compare  -Wstrict-overflow=1  -fvisibility=hidden conftest.c >&5
configure:28461: $? = 0
configure:28470: result: yes
configure:28483: : CFLAGS="$CFLAGS $flag"
configure:28486: $? = 0
configure:28505: checking whether C compiler accepts -Wstrict-prototypes
configure:28524: gcc -c  -Werror -Wno-pragmas -Wall -Wno-strict-aliasing -Wextra -Wunknown-pragmas --param=ssp-buffer-size=1 -Waddress -Warray-bounds -Wbad-function-cast -Wchar-subscripts -Wcomment -Wfloat-equal -Wformat-security -Wformat=2 -Wmaybe-uninitialized -Wmissing-field-initializers -Wmissing-noreturn -Wmissing-prototypes -Wnested-externs -Wnormalized=id -Woverride-init -Wpointer-arith -Wpointer-sign -Wredundant-decls -Wshadow -Wsign-compare -Wstrict-overflow=1  -Wstrict-prototypes  -fvisibility=hidden conftest.c >&5
conftest.c:51:1: error: function declaration isn't a prototype [-Werror=strict-prototypes]
 main ()
 ^
cc1: all warnings being treated as errors
configure:28524: $? = 1
configure: failed program was:
| /* confdefs.h */
| #define PACKAGE_NAME "wolfssl"
| #define PACKAGE_TARNAME "wolfssl"
| #define PACKAGE_VERSION "3.14.0"
| #define PACKAGE_STRING "wolfssl 3.14.0"
| #define PACKAGE_BUGREPORT "https://github.com/wolfssl/wolfssl/issues"
| #define PACKAGE_URL "http://www.wolfssl.com"
| #define STDC_HEADERS 1
| #define HAVE_SYS_TYPES_H 1
| #define HAVE_SYS_STAT_H 1
| #define HAVE_STDLIB_H 1
| #define HAVE_STRING_H 1
| #define HAVE_MEMORY_H 1
| #define HAVE_STRINGS_H 1
| #define HAVE_INTTYPES_H 1
| #define HAVE_STDINT_H 1
| #define HAVE_UNISTD_H 1
| #define HAVE_DLFCN_H 1
| #define LT_OBJDIR ".libs/"
| #define HAVE_VISIBILITY 1
| #define SIZEOF_LONG_LONG 8
| #define SIZEOF_LONG 8
| #define HAVE___UINT128_T 1
| #define HAVE_GETHOSTBYNAME 1
| #define HAVE_GETADDRINFO 1
| #define HAVE_GETTIMEOFDAY 1
| #define HAVE_GMTIME_R 1
| #define HAVE_INET_NTOA 1
| #define HAVE_MEMSET 1
| #define HAVE_SOCKET 1
| #define HAVE_ARPA_INET_H 1
| #define HAVE_FCNTL_H 1
| #define HAVE_LIMITS_H 1
| #define HAVE_NETDB_H 1
| #define HAVE_NETINET_IN_H 1
| #define HAVE_STDDEF_H 1
| #define HAVE_SYS_IOCTL_H 1
| #define HAVE_SYS_SOCKET_H 1
| #define HAVE_SYS_TIME_H 1
| #define HAVE_ERRNO_H 1
| #define TLS __thread
| #define DEBUG 0
| #define HAVE_PTHREAD_PRIO_INHERIT 1
| #define HAVE_PTHREAD 1
| #define BUILD_USER_RSA /**/
| #define VCS_SYSTEM "git"
| #define VCS_CHECKOUT 1
| /* end confdefs.h.  */
| 
| int
| main ()
| {
| 
|   ;
|   return 0;
| }
configure:28533: result: no
configure:28568: checking whether C compiler accepts -Wswitch-enum
configure:28587: gcc -c  -Werror -Wno-pragmas -Wall -Wno-strict-aliasing -Wextra -Wunknown-pragmas --param=ssp-buffer-size=1 -Waddress -Warray-bounds -Wbad-function-cast -Wchar-subscripts -Wcomment -Wfloat-equal -Wformat-security -Wformat=2 -Wmaybe-uninitialized -Wmissing-field-initializers -Wmissing-noreturn -Wmissing-prototypes -Wnested-externs -Wnormalized=id -Woverride-init -Wpointer-arith -Wpointer-sign -Wredundant-decls -Wshadow -Wsign-compare -Wstrict-overflow=1  -Wswitch-enum  -fvisibility=hidden conftest.c >&5
configure:28587: $? = 0
configure:28596: result: yes
configure:28609: : CFLAGS="$CFLAGS $flag"
configure:28612: $? = 0
configure:28631: checking whether C compiler accepts -Wundef
configure:28650: gcc -c  -Werror -Wno-pragmas -Wall -Wno-strict-aliasing -Wextra -Wunknown-pragmas --param=ssp-buffer-size=1 -Waddress -Warray-bounds -Wbad-function-cast -Wchar-subscripts -Wcomment -Wfloat-equal -Wformat-security -Wformat=2 -Wmaybe-uninitialized -Wmissing-field-initializers -Wmissing-noreturn -Wmissing-prototypes -Wnested-externs -Wnormalized=id -Woverride-init -Wpointer-arith -Wpointer-sign -Wredundant-decls -Wshadow -Wsign-compare -Wstrict-overflow=1 -Wswitch-enum  -Wundef  -fvisibility=hidden conftest.c >&5
configure:28650: $? = 0
configure:28659: result: yes
configure:28672: : CFLAGS="$CFLAGS $flag"
configure:28675: $? = 0
configure:28694: checking whether C compiler accepts -Wunused
configure:28713: gcc -c  -Werror -Wno-pragmas -Wall -Wno-strict-aliasing -Wextra -Wunknown-pragmas --param=ssp-buffer-size=1 -Waddress -Warray-bounds -Wbad-function-cast -Wchar-subscripts -Wcomment -Wfloat-equal -Wformat-security -Wformat=2 -Wmaybe-uninitialized -Wmissing-field-initializers -Wmissing-noreturn -Wmissing-prototypes -Wnested-externs -Wnormalized=id -Woverride-init -Wpointer-arith -Wpointer-sign -Wredundant-decls -Wshadow -Wsign-compare -Wstrict-overflow=1 -Wswitch-enum -Wundef  -Wunused  -fvisibility=hidden conftest.c >&5
configure:28713: $? = 0
configure:28722: result: yes
configure:28735: : CFLAGS="$CFLAGS $flag"
configure:28738: $? = 0
configure:28757: checking whether C compiler accepts -Wunused-result
configure:28776: gcc -c  -Werror -Wno-pragmas -Wall -Wno-strict-aliasing -Wextra -Wunknown-pragmas --param=ssp-buffer-size=1 -Waddress -Warray-bounds -Wbad-function-cast -Wchar-subscripts -Wcomment -Wfloat-equal -Wformat-security -Wformat=2 -Wmaybe-uninitialized -Wmissing-field-initializers -Wmissing-noreturn -Wmissing-prototypes -Wnested-externs -Wnormalized=id -Woverride-init -Wpointer-arith -Wpointer-sign -Wredundant-decls -Wshadow -Wsign-compare -Wstrict-overflow=1 -Wswitch-enum -Wundef -Wunused  -Wunused-result  -fvisibility=hidden conftest.c >&5
configure:28776: $? = 0
configure:28785: result: yes
configure:28798: : CFLAGS="$CFLAGS $flag"
configure:28801: $? = 0
configure:28820: checking whether C compiler accepts -Wunused-variable
configure:28839: gcc -c  -Werror -Wno-pragmas -Wall -Wno-strict-aliasing -Wextra -Wunknown-pragmas --param=ssp-buffer-size=1 -Waddress -Warray-bounds -Wbad-function-cast -Wchar-subscripts -Wcomment -Wfloat-equal -Wformat-security -Wformat=2 -Wmaybe-uninitialized -Wmissing-field-initializers -Wmissing-noreturn -Wmissing-prototypes -Wnested-externs -Wnormalized=id -Woverride-init -Wpointer-arith -Wpointer-sign -Wredundant-decls -Wshadow -Wsign-compare -Wstrict-overflow=1 -Wswitch-enum -Wundef -Wunused -Wunused-result  -Wunused-variable  -fvisibility=hidden conftest.c >&5
configure:28839: $? = 0
configure:28848: result: yes
configure:28861: : CFLAGS="$CFLAGS $flag"
configure:28864: $? = 0
configure:28883: checking whether C compiler accepts -Wwrite-strings
configure:28902: gcc -c  -Werror -Wno-pragmas -Wall -Wno-strict-aliasing -Wextra -Wunknown-pragmas --param=ssp-buffer-size=1 -Waddress -Warray-bounds -Wbad-function-cast -Wchar-subscripts -Wcomment -Wfloat-equal -Wformat-security -Wformat=2 -Wmaybe-uninitialized -Wmissing-field-initializers -Wmissing-noreturn -Wmissing-prototypes -Wnested-externs -Wnormalized=id -Woverride-init -Wpointer-arith -Wpointer-sign -Wredundant-decls -Wshadow -Wsign-compare -Wstrict-overflow=1 -Wswitch-enum -Wundef -Wunused -Wunused-result -Wunused-variable  -Wwrite-strings  -fvisibility=hidden conftest.c >&5
configure:28902: $? = 0
configure:28911: result: yes
configure:28924: : CFLAGS="$CFLAGS $flag"
configure:28927: $? = 0
configure:28946: checking whether C compiler accepts -fwrapv
configure:28965: gcc -c  -Werror -Wno-pragmas -Wall -Wno-strict-aliasing -Wextra -Wunknown-pragmas --param=ssp-buffer-size=1 -Waddress -Warray-bounds -Wbad-function-cast -Wchar-subscripts -Wcomment -Wfloat-equal -Wformat-security -Wformat=2 -Wmaybe-uninitialized -Wmissing-field-initializers -Wmissing-noreturn -Wmissing-prototypes -Wnested-externs -Wnormalized=id -Woverride-init -Wpointer-arith -Wpointer-sign -Wredundant-decls -Wshadow -Wsign-compare -Wstrict-overflow=1 -Wswitch-enum -Wundef -Wunused -Wunused-result -Wunused-variable -Wwrite-strings  -fwrapv  -fvisibility=hidden conftest.c >&5
configure:28965: $? = 0
configure:28974: result: yes
configure:28987: : CFLAGS="$CFLAGS $flag"
configure:28990: $? = 0
configure:29080: result: creating wolfssl-config - generic 3.14.0 for -lwolfssl
configure:29208: checking the number of available CPUs
configure:29251: result: 4 
configure:29264: adding automake macro support
configure:29268: creating aminclude.am
configure:29298: added jobserver support to make for 5 jobs
configure:29419: checking that generated files are newer than configure
configure:29425: result: done
configure:29889: creating ./config.status

## ---------------------- ##
## Running config.status. ##
## ---------------------- ##

This file was extended by wolfssl config.status 3.14.0, which was
generated by GNU Autoconf 2.69.  Invocation command line was

  CONFIG_FILES    = 
  CONFIG_HEADERS  = 
  CONFIG_LINKS    = 
  CONFIG_COMMANDS = 
  $ ./config.status 

on ben-spectre

config.status:1403: creating stamp-h
config.status:1403: creating Makefile
config.status:1403: creating wolfssl/version.h
config.status:1403: creating wolfssl/options.h
config.status:1403: creating support/wolfssl.pc
config.status:1403: creating rpm/spec
config.status:1403: creating config.h
config.status:1584: config.h is unchanged
config.status:1632: executing depfiles commands
config.status:1632: executing libtool commands

## ---------------- ##
## Cache variables. ##
## ---------------- ##

ac_cv_build=x86_64-pc-linux-gnu
ac_cv_c_bigendian=no
ac_cv_c_compiler_gnu=yes
ac_cv_c_uint8_t=yes
ac_cv_cxx_compiler_gnu=yes
ac_cv_env_CCASFLAGS_set=
ac_cv_env_CCASFLAGS_value=
ac_cv_env_CCAS_set=
ac_cv_env_CCAS_value=
ac_cv_env_CCC_set=
ac_cv_env_CCC_value=
ac_cv_env_CC_set=
ac_cv_env_CC_value=
ac_cv_env_CFLAGS_set=
ac_cv_env_CFLAGS_value=
ac_cv_env_CPPFLAGS_set=
ac_cv_env_CPPFLAGS_value=
ac_cv_env_CPP_set=
ac_cv_env_CPP_value=
ac_cv_env_CXXCPP_set=
ac_cv_env_CXXCPP_value=
ac_cv_env_CXXFLAGS_set=
ac_cv_env_CXXFLAGS_value=
ac_cv_env_CXX_set=
ac_cv_env_CXX_value=
ac_cv_env_LDFLAGS_set=
ac_cv_env_LDFLAGS_value=
ac_cv_env_LIBS_set=
ac_cv_env_LIBS_value=
ac_cv_env_LT_SYS_LIBRARY_PATH_set=
ac_cv_env_LT_SYS_LIBRARY_PATH_value=
ac_cv_env_build_alias_set=
ac_cv_env_build_alias_value=
ac_cv_env_host_alias_set=
ac_cv_env_host_alias_value=
ac_cv_env_target_alias_set=
ac_cv_env_target_alias_value=
ac_cv_func_getaddrinfo=yes
ac_cv_func_gethostbyname=yes
ac_cv_func_gettimeofday=yes
ac_cv_func_gmtime_r=yes
ac_cv_func_inet_ntoa=yes
ac_cv_func_memset=yes
ac_cv_func_socket=yes
ac_cv_header_arpa_inet_h=yes
ac_cv_header_dlfcn_h=yes
ac_cv_header_errno_h=yes
ac_cv_header_fcntl_h=yes
ac_cv_header_inttypes_h=yes
ac_cv_header_limits_h=yes
ac_cv_header_memory_h=yes
ac_cv_header_netdb_h=yes
ac_cv_header_netinet_in_h=yes
ac_cv_header_stdc=yes
ac_cv_header_stddef_h=yes
ac_cv_header_stdint_h=yes
ac_cv_header_stdlib_h=yes
ac_cv_header_string_h=yes
ac_cv_header_strings_h=yes
ac_cv_header_sys_ioctl_h=yes
ac_cv_header_sys_socket_h=yes
ac_cv_header_sys_stat_h=yes
ac_cv_header_sys_time_h=yes
ac_cv_header_sys_types_h=yes
ac_cv_header_unistd_h=yes
ac_cv_host=x86_64-pc-linux-gnu
ac_cv_lib_m_cos=yes
ac_cv_lib_network_socket=no
ac_cv_objext=o
ac_cv_path_EGREP='/bin/grep -E'
ac_cv_path_FGREP='/bin/grep -F'
ac_cv_path_GREP=/bin/grep
ac_cv_path_SED=/bin/sed
ac_cv_path_install='/usr/bin/install -c'
ac_cv_path_lt_DD=/bin/dd
ac_cv_path_mkdir=/bin/mkdir
ac_cv_prog_AWK=mawk
ac_cv_prog_CPP='gcc -E'
ac_cv_prog_CXXCPP='g++ -E'
ac_cv_prog_ac_ct_AR=ar
ac_cv_prog_ac_ct_CC=gcc
ac_cv_prog_ac_ct_CXX=g++
ac_cv_prog_ac_ct_MANIFEST_TOOL=mt
ac_cv_prog_ac_ct_OBJDUMP=objdump
ac_cv_prog_ac_ct_RANLIB=ranlib
ac_cv_prog_ac_ct_STRIP=strip
ac_cv_prog_cc_c89=
ac_cv_prog_cc_g=yes
ac_cv_prog_cc_gcc_c_o=yes
ac_cv_prog_cxx_g=yes
ac_cv_prog_make_make_set=yes
ac_cv_search_gethostbyname='none required'
ac_cv_search_socket='none required'
ac_cv_sizeof_long=8
ac_cv_sizeof_long_long=8
ac_cv_tls=__thread
ac_cv_type___uint128_t=yes
ac_cv_type_size_t=yes
ac_cv_vcs_checkout=yes
ac_cv_vcs_system=git
ac_cv_warnings_as_errors=yes
am_cv_CCAS_dependencies_compiler_type=gcc3
am_cv_CC_dependencies_compiler_type=gcc3
am_cv_CXX_dependencies_compiler_type=gcc3
am_cv_make_support_nested_variables=yes
am_cv_prog_cc_c_o=yes
am_cv_prog_tar_ustar=gnutar
ax_cv_PTHREAD_PRIO_INHERIT=yes
ax_cv_check_cflags__=yes
ax_cv_check_cflags__Waddress=yes
ax_cv_check_cflags__Wall=yes
ax_cv_check_cflags__Warray_bounds=yes
ax_cv_check_cflags__Wbad_function_cast=yes
ax_cv_check_cflags__Wchar_subscripts=yes
ax_cv_check_cflags__Wcomment=yes
ax_cv_check_cflags__Wextra=yes
ax_cv_check_cflags__Wfloat_equal=yes
ax_cv_check_cflags__Wformat_2=yes
ax_cv_check_cflags__Wformat_security=yes
ax_cv_check_cflags__Wmaybe_uninitialized=yes
ax_cv_check_cflags__Wmissing_field_initializers=yes
ax_cv_check_cflags__Wmissing_noreturn=yes
ax_cv_check_cflags__Wmissing_prototypes=yes
ax_cv_check_cflags__Wnested_externs=yes
ax_cv_check_cflags__Wno_pragmas=yes
ax_cv_check_cflags__Wno_strict_aliasing=yes
ax_cv_check_cflags__Wnormalized_id=yes
ax_cv_check_cflags__Woverride_init=yes
ax_cv_check_cflags__Wpointer_arith=yes
ax_cv_check_cflags__Wpointer_sign=yes
ax_cv_check_cflags__Wredundant_decls=yes
ax_cv_check_cflags__Wshadow=yes
ax_cv_check_cflags__Wshorten_64_to_32=no
ax_cv_check_cflags__Wsign_compare=yes
ax_cv_check_cflags__Wstrict_overflow_1=yes
ax_cv_check_cflags__Wstrict_prototypes=no
ax_cv_check_cflags__Wswitch_enum=yes
ax_cv_check_cflags__Wthis_test_should_fail=no
ax_cv_check_cflags__Wundef=yes
ax_cv_check_cflags__Wunknown_pragmas=yes
ax_cv_check_cflags__Wunused=yes
ax_cv_check_cflags__Wunused_result=yes
ax_cv_check_cflags__Wunused_variable=yes
ax_cv_check_cflags__Wwrite_strings=yes
ax_cv_check_cflags___Werror=yes
ax_cv_check_cflags___param_ssp_buffer_size_1=yes
ax_cv_check_cflags__fwrapv=yes
ax_cv_check_ldflags___Werror=yes
ax_cv_check_ldflags__pie=yes
ax_cv_check_ldflags__z_relro__z_now=yes
gl_cv_cc_vis_werror=yes
gl_cv_cc_visibility=yes
lt_cv_ar_at_file=@
lt_cv_archive_cmds_need_lc=no
lt_cv_deplibs_check_method=pass_all
lt_cv_file_magic_cmd='$MAGIC_CMD'
lt_cv_file_magic_test_file=
lt_cv_ld_reload_flag=-r
lt_cv_nm_interface='BSD nm'
lt_cv_objdir=.libs
lt_cv_path_LD=/usr/bin/ld
lt_cv_path_LDCXX='/usr/bin/ld -m elf_x86_64'
lt_cv_path_NM='/usr/bin/nm -B'
lt_cv_path_mainfest_tool=no
lt_cv_prog_compiler_c_o=yes
lt_cv_prog_compiler_c_o_CXX=yes
lt_cv_prog_compiler_pic='-fPIC -DPIC'
lt_cv_prog_compiler_pic_CXX='-fPIC -DPIC'
lt_cv_prog_compiler_pic_works=yes
lt_cv_prog_compiler_pic_works_CXX=yes
lt_cv_prog_compiler_rtti_exceptions=no
lt_cv_prog_compiler_static_works=yes
lt_cv_prog_compiler_static_works_CXX=yes
lt_cv_prog_gnu_ld=yes
lt_cv_prog_gnu_ldcxx=yes
lt_cv_sharedlib_from_linklib_cmd='printf %s\n'
lt_cv_shlibpath_overrides_runpath=no
lt_cv_sys_global_symbol_pipe='sed -n -e '\''s/^.*[	 ]\([ABCDGIRSTW][ABCDGIRSTW]*\)[	 ][	 ]*\([_A-Za-z][_A-Za-z0-9]*\)$/\1 \2 \2/p'\'' | sed '\''/ __gnu_lto/d'\'''
lt_cv_sys_global_symbol_to_c_name_address='sed -n -e '\''s/^: \(.*\) .*$/  {"\1", (void *) 0},/p'\'' -e '\''s/^[ABCDGIRSTW][ABCDGIRSTW]* .* \(.*\)$/  {"\1", (void *) \&\1},/p'\'''
lt_cv_sys_global_symbol_to_c_name_address_lib_prefix='sed -n -e '\''s/^: \(.*\) .*$/  {"\1", (void *) 0},/p'\'' -e '\''s/^[ABCDGIRSTW][ABCDGIRSTW]* .* \(lib.*\)$/  {"\1", (void *) \&\1},/p'\'' -e '\''s/^[ABCDGIRSTW][ABCDGIRSTW]* .* \(.*\)$/  {"lib\1", (void *) \&\1},/p'\'''
lt_cv_sys_global_symbol_to_cdecl='sed -n -e '\''s/^T .* \(.*\)$/extern int \1();/p'\'' -e '\''s/^[ABCDGIRSTW][ABCDGIRSTW]* .* \(.*\)$/extern char \1;/p'\'''
lt_cv_sys_global_symbol_to_import=
lt_cv_sys_max_cmd_len=1572864
lt_cv_to_host_file_cmd=func_convert_file_noop
lt_cv_to_tool_file_cmd=func_convert_file_noop
lt_cv_truncate_bin='/bin/dd bs=4096 count=1'

## ----------------- ##
## Output variables. ##
## ----------------- ##

ACLOCAL='${SHELL} /home/ben/Projects/sgx/wolfssl/wolfssl/build-aux/missing aclocal-1.15'
AMDEPBACKSLASH='\'
AMDEP_FALSE='#'
AMDEP_TRUE=''
AMINCLUDE='aminclude.am'
AMTAR='$${TAR-tar}'
AM_BACKSLASH='\'
AM_CCASFLAGS=''
AM_CFLAGS='-DWOLFSSL_VERIFY_CB_ALL_CERTS -DOPENSSL_EXTRA -DWOLFSSL_ALWAYS_VERIFY_CB -D_POSIX_THREADS  -DHAVE_THREAD_LS -DNDEBUG -pthread -DTFM_TIMING_RESISTANT -DECC_TIMING_RESISTANT -DWC_RSA_BLINDING -DHAVE_AESGCM -DWOLFSSL_SHA512 -DWOLFSSL_SHA384 -DNO_DSA -DHAVE_ECC -DTFM_ECC256 -DECC_SHAMIR -DWOLFSSL_BASE64_ENCODE -DNO_RC4 -DNO_HC128 -DNO_RABBIT -DWOLFSSL_SHA224 -DWOLFSSL_SHA3 -DHAVE_POLY1305 -DHAVE_ONE_TIME_AUTH -DHAVE_CHACHA -DHAVE_HASHDRBG -DHAVE_TLS_EXTENSIONS -DHAVE_SUPPORTED_CURVES -DHAVE_EXTENDED_MASTER -DNO_PSK -DNO_MD4 -DUSE_FAST_MATH -DWOLFSSL_X86_64_BUILD -DWC_NO_ASYNC_THREADING -DNO_DES3 -Wall -Wno-unused -O2 -fomit-frame-pointer -DHAVE___UINT128_T'
AM_CPPFLAGS=' -fvisibility=hidden'
AM_DEFAULT_V='$(AM_DEFAULT_VERBOSITY)'
AM_DEFAULT_VERBOSITY='0'
AM_LDFLAGS=''
AM_V='$(V)'
AR='ar'
AUTOCONF='${SHELL} /home/ben/Projects/sgx/wolfssl/wolfssl/build-aux/missing autoconf'
AUTOHEADER='${SHELL} /home/ben/Projects/sgx/wolfssl/wolfssl/build-aux/missing autoheader'
AUTOMAKE='${SHELL} /home/ben/Projects/sgx/wolfssl/wolfssl/build-aux/missing automake-1.15'
AWK='mawk'
BUILD_AESCCM_FALSE=''
BUILD_AESCCM_TRUE='#'
BUILD_AESGCM_FALSE='#'
BUILD_AESGCM_TRUE=''
BUILD_AESNI_FALSE=''
BUILD_AESNI_TRUE='#'
BUILD_AES_FALSE='#'
BUILD_AES_TRUE=''
BUILD_ALL_FALSE=''
BUILD_ALL_TRUE='#'
BUILD_ARMASM_FALSE=''
BUILD_ARMASM_TRUE='#'
BUILD_ASN_FALSE='#'
BUILD_ASN_TRUE=''
BUILD_ASYNCCRYPT_FALSE=''
BUILD_ASYNCCRYPT_TRUE='#'
BUILD_BLAKE2_FALSE=''
BUILD_BLAKE2_TRUE='#'
BUILD_CAMELLIA_FALSE=''
BUILD_CAMELLIA_TRUE='#'
BUILD_CAVIUM_FALSE=''
BUILD_CAVIUM_TRUE='#'
BUILD_CHACHA_FALSE='#'
BUILD_CHACHA_TRUE=''
BUILD_CMAC_FALSE=''
BUILD_CMAC_TRUE='#'
BUILD_CODING_FALSE='#'
BUILD_CODING_TRUE=''
BUILD_CRL_FALSE=''
BUILD_CRL_MONITOR_FALSE=''
BUILD_CRL_MONITOR_TRUE='#'
BUILD_CRL_TRUE='#'
BUILD_CRYPTONLY_FALSE=''
BUILD_CRYPTONLY_TRUE='#'
BUILD_CURVE25519_FALSE=''
BUILD_CURVE25519_SMALL_FALSE=''
BUILD_CURVE25519_SMALL_TRUE='#'
BUILD_CURVE25519_TRUE='#'
BUILD_DES3_FALSE=''
BUILD_DES3_TRUE='#'
BUILD_DH_FALSE='#'
BUILD_DH_TRUE=''
BUILD_DISTRO_FALSE=''
BUILD_DISTRO_TRUE='#'
BUILD_DSA_FALSE=''
BUILD_DSA_TRUE='#'
BUILD_ECC_FALSE='#'
BUILD_ECC_TRUE=''
BUILD_ED25519_FALSE=''
BUILD_ED25519_SMALL_FALSE=''
BUILD_ED25519_SMALL_TRUE='#'
BUILD_ED25519_TRUE='#'
BUILD_EXAMPLE_CLIENTS_FALSE='#'
BUILD_EXAMPLE_CLIENTS_TRUE=''
BUILD_EXAMPLE_SERVERS_FALSE='#'
BUILD_EXAMPLE_SERVERS_TRUE=''
BUILD_FASTMATH_FALSE='#'
BUILD_FASTMATH_TRUE=''
BUILD_FAST_RSA_FALSE=''
BUILD_FAST_RSA_TRUE='#'
BUILD_FEMATH_FALSE=''
BUILD_FEMATH_TRUE='#'
BUILD_FIPS_FALSE=''
BUILD_FIPS_TRUE='#'
BUILD_FIPS_V2_FALSE=''
BUILD_FIPS_V2_TRUE='#'
BUILD_GEMATH_FALSE=''
BUILD_GEMATH_TRUE='#'
BUILD_HC128_FALSE=''
BUILD_HC128_TRUE='#'
BUILD_IDEA_FALSE=''
BUILD_IDEA_TRUE='#'
BUILD_INLINE_FALSE='#'
BUILD_INLINE_TRUE=''
BUILD_INTEL_QA_FALSE=''
BUILD_INTEL_QA_TRUE='#'
BUILD_IPV6_FALSE=''
BUILD_IPV6_TRUE='#'
BUILD_LEANPSK_FALSE=''
BUILD_LEANPSK_TRUE='#'
BUILD_LEANTLS_FALSE=''
BUILD_LEANTLS_TRUE='#'
BUILD_LIBZ_FALSE=''
BUILD_LIBZ_TRUE='#'
BUILD_LOWMEM_FALSE=''
BUILD_LOWMEM_TRUE='#'
BUILD_MCAPI_FALSE=''
BUILD_MCAPI_TRUE='#'
BUILD_MCAST_FALSE=''
BUILD_MCAST_TRUE='#'
BUILD_MD2_FALSE=''
BUILD_MD2_TRUE='#'
BUILD_MD4_FALSE=''
BUILD_MD4_TRUE='#'
BUILD_MD5_FALSE='#'
BUILD_MD5_TRUE=''
BUILD_MEMORY_FALSE='#'
BUILD_MEMORY_TRUE=''
BUILD_NTRU_FALSE=''
BUILD_NTRU_TRUE='#'
BUILD_OCSP_FALSE=''
BUILD_OCSP_STAPLING_FALSE=''
BUILD_OCSP_STAPLING_TRUE='#'
BUILD_OCSP_STAPLING_V2_FALSE=''
BUILD_OCSP_STAPLING_V2_TRUE='#'
BUILD_OCSP_TRUE='#'
BUILD_PKCALLBACKS_FALSE=''
BUILD_PKCALLBACKS_TRUE='#'
BUILD_PKCS7_FALSE=''
BUILD_PKCS7_TRUE='#'
BUILD_PKI_FALSE='#'
BUILD_PKI_TRUE=''
BUILD_POLY1305_FALSE='#'
BUILD_POLY1305_TRUE=''
BUILD_PSK_FALSE=''
BUILD_PSK_TRUE='#'
BUILD_PWDBASED_FALSE='#'
BUILD_PWDBASED_TRUE=''
BUILD_RABBIT_FALSE=''
BUILD_RABBIT_TRUE='#'
BUILD_RC4_FALSE=''
BUILD_RC4_TRUE='#'
BUILD_RIPEMD_FALSE=''
BUILD_RIPEMD_TRUE='#'
BUILD_RNG_FALSE='#'
BUILD_RNG_TRUE=''
BUILD_RSA_FALSE='#'
BUILD_RSA_TRUE=''
BUILD_SCRYPT_FALSE=''
BUILD_SCRYPT_TRUE='#'
BUILD_SCTP_FALSE=''
BUILD_SCTP_TRUE='#'
BUILD_SELFTEST_FALSE=''
BUILD_SELFTEST_TRUE='#'
BUILD_SHA224_FALSE='#'
BUILD_SHA224_TRUE=''
BUILD_SHA3_FALSE='#'
BUILD_SHA3_TRUE=''
BUILD_SHA512_FALSE='#'
BUILD_SHA512_TRUE=''
BUILD_SHA_FALSE='#'
BUILD_SHA_TRUE=''
BUILD_SLOWMATH_FALSE=''
BUILD_SLOWMATH_TRUE='#'
BUILD_SNIFFER_FALSE=''
BUILD_SNIFFER_TRUE='#'
BUILD_SNIFFTEST_FALSE=''
BUILD_SNIFFTEST_TRUE='#'
BUILD_SP_ARM32_FALSE=''
BUILD_SP_ARM32_TRUE='#'
BUILD_SP_ARM64_FALSE=''
BUILD_SP_ARM64_TRUE='#'
BUILD_SP_C_FALSE=''
BUILD_SP_C_TRUE='#'
BUILD_SP_FALSE=''
BUILD_SP_INT_FALSE=''
BUILD_SP_INT_TRUE='#'
BUILD_SP_TRUE='#'
BUILD_SP_X86_64_FALSE=''
BUILD_SP_X86_64_TRUE='#'
BUILD_SRP_FALSE=''
BUILD_SRP_TRUE='#'
BUILD_TESTS_FALSE='#'
BUILD_TESTS_TRUE=''
BUILD_THREADED_EXAMPLES_FALSE='#'
BUILD_THREADED_EXAMPLES_TRUE=''
BUILD_TLS13_FALSE=''
BUILD_TLS13_TRUE='#'
BUILD_TRUST_PEER_CERT_FALSE=''
BUILD_TRUST_PEER_CERT_TRUE='#'
BUILD_USER_CRYPTO_FALSE=''
BUILD_USER_CRYPTO_TRUE='#'
BUILD_USER_RSA_FALSE=''
BUILD_USER_RSA_TRUE='#'
BUILD_WNR_FALSE=''
BUILD_WNR_TRUE='#'
BUILD_WOLFCRYPT_TESTS_FALSE='#'
BUILD_WOLFCRYPT_TESTS_TRUE=''
BUILD_WOLFEVENT_FALSE=''
BUILD_WOLFEVENT_TRUE='#'
BUILD_XILINX_FALSE=''
BUILD_XILINX_TRUE='#'
CC='gcc'
CCAS='gcc'
CCASDEPMODE='depmode=gcc3'
CCASFLAGS=''
CCDEPMODE='depmode=gcc3'
CFLAGS=' -Werror -Wno-pragmas -Wall -Wno-strict-aliasing -Wextra -Wunknown-pragmas --param=ssp-buffer-size=1 -Waddress -Warray-bounds -Wbad-function-cast -Wchar-subscripts -Wcomment -Wfloat-equal -Wformat-security -Wformat=2 -Wmaybe-uninitialized -Wmissing-field-initializers -Wmissing-noreturn -Wmissing-prototypes -Wnested-externs -Wnormalized=id -Woverride-init -Wpointer-arith -Wpointer-sign -Wredundant-decls -Wshadow -Wsign-compare -Wstrict-overflow=1 -Wswitch-enum -Wundef -Wunused -Wunused-result -Wunused-variable -Wwrite-strings -fwrapv '
CFLAG_VISIBILITY='-fvisibility=hidden'
CPP='gcc -E'
CPPFLAGS=' -fvisibility=hidden'
CXX='g++'
CXXCPP='g++ -E'
CXXDEPMODE='depmode=gcc3'
CXXFLAGS='-g -O2'
CYGPATH_W='echo'
DEBUG_FALSE=''
DEBUG_TRUE='#'
DEFS='-DHAVE_CONFIG_H'
DEPDIR='.deps'
DLLTOOL='false'
DSYMUTIL=''
DUMPBIN=''
ECHO_C=''
ECHO_N='-n'
ECHO_T=''
EGREP='/bin/grep -E'
EXEEXT=''
FGREP='/bin/grep -F'
GENERIC_CONFIG='wolfssl-config'
GREP='/bin/grep'
HAVE_OPENSSL_CMD=''
HAVE_VALGRIND=''
HAVE_VISIBILITY='1'
HEX_VERSION='0x03014000'
INC_AMINCLUDE='include $(top_builddir)/aminclude.am'
INSTALL_DATA='${INSTALL} -m 644'
INSTALL_PROGRAM='${INSTALL}'
INSTALL_SCRIPT='${INSTALL}'
INSTALL_STRIP_PROGRAM='$(install_sh) -c -s'
IPPHEADERS=''
IPPLIBS=''
IPPLINK=''
IS_VCS_CHECKOUT_FALSE='#'
IS_VCS_CHECKOUT_TRUE=''
LD='/usr/bin/ld -m elf_x86_64'
LDFLAGS=''
LIBM='-lm'
LIBOBJS=''
LIBS=' '
LIBTOOL='$(SHELL) $(top_builddir)/libtool'
LIB_ADD=''
LIB_STATIC_ADD=''
LIPO=''
LN_S='ln -s'
LTLIBOBJS=''
LT_SYS_LIBRARY_PATH=''
MAKEINFO='${SHELL} /home/ben/Projects/sgx/wolfssl/wolfssl/build-aux/missing makeinfo'
MANIFEST_TOOL=':'
MCHECK=''
MKDIR_P='/bin/mkdir -p'
NM='/usr/bin/nm -B'
NMEDIT=''
OBJDUMP='objdump'
OBJEXT='o'
OTOOL64=''
OTOOL=''
PACKAGE='wolfssl'
PACKAGE_BUGREPORT='https://github.com/wolfssl/wolfssl/issues'
PACKAGE_NAME='wolfssl'
PACKAGE_STRING='wolfssl 3.14.0'
PACKAGE_TARNAME='wolfssl'
PACKAGE_URL='http://www.wolfssl.com'
PACKAGE_VERSION='3.14.0'
PATH_SEPARATOR=':'
PTHREAD_CC='gcc'
PTHREAD_CFLAGS='-pthread'
PTHREAD_LIBS=''
RANLIB='ranlib'
SED='/bin/sed'
SET_MAKE=''
SHELL='/bin/bash'
STRIP='strip'
USE_VALGRIND_FALSE=''
USE_VALGRIND_TRUE='#'
VERSION='3.14.0'
WOLFSSL_LIBRARY_VERSION='16:0:0'
ac_ct_AR='ar'
ac_ct_CC='gcc'
ac_ct_CXX='g++'
ac_ct_DUMPBIN=''
am__EXEEXT_FALSE=''
am__EXEEXT_TRUE='#'
am__fastdepCCAS_FALSE='#'
am__fastdepCCAS_TRUE=''
am__fastdepCC_FALSE='#'
am__fastdepCC_TRUE=''
am__fastdepCXX_FALSE='#'
am__fastdepCXX_TRUE=''
am__include='include'
am__isrc=''
am__leading_dot='.'
am__nodep='_no'
am__quote=''
am__tar='tar --format=ustar -chf - "$$tardir"'
am__untar='tar -xf -'
ax_pthread_config=''
bindir='${exec_prefix}/bin'
build='x86_64-pc-linux-gnu'
build_alias=''
build_cpu='x86_64'
build_os='linux-gnu'
build_vendor='pc'
datadir='${datarootdir}'
datarootdir='${prefix}/share'
docdir='${datarootdir}/doc/${PACKAGE_TARNAME}'
dvidir='${docdir}'
exec_prefix='${prefix}'
host='x86_64-pc-linux-gnu'
host_alias=''
host_cpu='x86_64'
host_os='linux-gnu'
host_vendor='pc'
htmldir='${docdir}'
includedir='${prefix}/include'
infodir='${datarootdir}/info'
install_sh='${SHELL} /home/ben/Projects/sgx/wolfssl/wolfssl/build-aux/install-sh'
libdir='${exec_prefix}/lib'
libexecdir='${exec_prefix}/libexec'
localedir='${datarootdir}/locale'
localstatedir='${prefix}/var'
mandir='${datarootdir}/man'
mkdir_p='$(MKDIR_P)'
oldincludedir='/usr/include'
pdfdir='${docdir}'
prefix='/usr/local'
program_transform_name='s,x,x,'
psdir='${docdir}'
runstatedir='${localstatedir}/run'
sbindir='${exec_prefix}/sbin'
sharedstatedir='${prefix}/com'
sysconfdir='${prefix}/etc'
target_alias=''

## ----------- ##
## confdefs.h. ##
## ----------- ##

/* confdefs.h */
#define PACKAGE_NAME "wolfssl"
#define PACKAGE_TARNAME "wolfssl"
#define PACKAGE_VERSION "3.14.0"
#define PACKAGE_STRING "wolfssl 3.14.0"
#define PACKAGE_BUGREPORT "https://github.com/wolfssl/wolfssl/issues"
#define PACKAGE_URL "http://www.wolfssl.com"
#define STDC_HEADERS 1
#define HAVE_SYS_TYPES_H 1
#define HAVE_SYS_STAT_H 1
#define HAVE_STDLIB_H 1
#define HAVE_STRING_H 1
#define HAVE_MEMORY_H 1
#define HAVE_STRINGS_H 1
#define HAVE_INTTYPES_H 1
#define HAVE_STDINT_H 1
#define HAVE_UNISTD_H 1
#define HAVE_DLFCN_H 1
#define LT_OBJDIR ".libs/"
#define HAVE_VISIBILITY 1
#define SIZEOF_LONG_LONG 8
#define SIZEOF_LONG 8
#define HAVE___UINT128_T 1
#define HAVE_GETHOSTBYNAME 1
#define HAVE_GETADDRINFO 1
#define HAVE_GETTIMEOFDAY 1
#define HAVE_GMTIME_R 1
#define HAVE_INET_NTOA 1
#define HAVE_MEMSET 1
#define HAVE_SOCKET 1
#define HAVE_ARPA_INET_H 1
#define HAVE_FCNTL_H 1
#define HAVE_LIMITS_H 1
#define HAVE_NETDB_H 1
#define HAVE_NETINET_IN_H 1
#define HAVE_STDDEF_H 1
#define HAVE_SYS_IOCTL_H 1
#define HAVE_SYS_SOCKET_H 1
#define HAVE_SYS_TIME_H 1
#define HAVE_ERRNO_H 1
#define TLS __thread
#define DEBUG 0
#define HAVE_PTHREAD_PRIO_INHERIT 1
#define HAVE_PTHREAD 1
#define BUILD_USER_RSA /**/
#define VCS_SYSTEM "git"
#define VCS_CHECKOUT 1

configure: exit 0
